TN:
SF:src\BNumMet\Interpolation.py
DA:1,1,IWWjrCeOtk8NNtrE95++2g
DA:2,1,8dpMEq1pg3puUUcUrBQLvg
DA:5,1,rTuVKEwwtowvuon/fA25cQ
DA:17,1,e8eJfssVsMgq2XwEqq8e2Q
DA:18,1,rvCEyKDJauIiscM7bdTh7w
DA:21,1,kCV+Z6qFxFcADlJ2YO9CnQ
DA:22,1,3JXyVtgmjcuGrrq3AAXWpg
DA:23,1,vdLZfXliYMoPLXuG6AOcHg
DA:24,1,D9U4iWq0zVoNeSfOX8d3vw
DA:25,1,THOyYGf9EKEmVoUXzELvQw
DA:28,1,93rYJkTNuHysanWlcB6dpQ
DA:32,1,lU9zrCdBlPFazHYxUNiE8A
DA:35,1,7XxYrmSWEdM38P+80QQjgw
DA:48,1,VznE8nAbhySJ35E+nyetUw
DA:50,1,dJoqYg4QfqmN9HEj483aZQ
DA:51,1,uMYbC4o1M06LgHUJ8PKZDg
DA:52,1,3dHH9vl/V2MUeEUceHV9uw
DA:53,1,VnZTHLyVdeN5CzxVPID/WA
DA:54,1,j/CL5FbYIeotGQ7uar/Thw
DA:56,1,uCSQfRVrftHBeND67ZqNPw
DA:59,1,e8eJfssVsMgq2XwEqq8e2Q
DA:61,1,AjGogVgTjN6Fz3NHXYrWyA
DA:62,1,ZT2jEGxt7k5ZnRLLZevFVw
DA:63,1,d/M/cx3iVgxJKjdmOLnEeQ
DA:67,1,N5cPafUHpo2WulUGlTWQgw
DA:68,1,PolbBxfATVx81eW9HK2NbA
DA:72,1,lU9zrCdBlPFazHYxUNiE8A
DA:75,1,Lk894lzcD47SON3Kbq+TuQ
DA:89,1,dSoVBjKNWyrBUoASocNWdA
DA:103,1,lus92fBbN25d9lPe9Fmatw
DA:105,1,67ON9/z04568Aqw8qmWKzw
DA:110,1,v2fZIVc6bx9QD+forWuRWw
DA:112,1,RGM770oADryGLfvmpp5svQ
DA:114,1,I2aEfZTqvDq7tRn4F84quQ
DA:130,1,i4g18qIMKjOYAl2P8UmhIA
DA:132,1,b9Eqkr7xiDi4V+klH3jvPQ
DA:135,1,bmtja9CZkgO0FuCdlELTLQ
DA:137,1,+cpP046x4mTn+B6Uxgl54g
DA:138,1,k/dZ580G5m0cQdcV3gxvuw
DA:139,1,izpy2EHme+LW4RAKg0B/qQ
DA:144,1,5mOy9B27tHTUJp1ytjRiBA
DA:148,1,au9tpHWvrrgYZa/YebHRzQ
DA:152,1,tQla/MPV6bUYMmnD4NUOQg
DA:155,1,qiJ/pJAW/+Dggak3bLB00g
DA:156,1,2dsDQTLePAB2kJ6/Sea91w
DA:157,1,WCL8Jq0d0qYjiEmnEI/1dQ
DA:158,1,3dHH9vl/V2MUeEUceHV9uw
DA:159,1,VnZTHLyVdeN5CzxVPID/WA
DA:160,1,j/CL5FbYIeotGQ7uar/Thw
DA:163,1,Ycnr1wMGIe94mGoLc8Th4w
DA:164,1,RWtQJycm8AY1BTwb8FYdlw
DA:166,1,Y8vc+knUA9kKunoXZP67xw
DA:170,1,qGrhzsza11/wmgO9iM5Wvw
DA:171,1,wcSJXioUkwzGADhCgOFFWw
DA:174,1,iQy0mTp9bOV7N0fJ2m99xw
DA:178,1,Y+yS0RHV3vFuf3PuBEAGHQ
DA:179,1,5MNvy4H1YQzJH7r/DnayZQ
DA:180,1,P5LQB7IFIONASWMPa4Q6Kw
DA:182,1,BgR3NKd6cssbmtxMK9D27A
DA:183,1,kHtynFputjP/YB/4PLV/ig
DA:187,1,Uhmk6mkyaCrWTMCGmM5iXQ
DA:190,1,dhyJyj1E/0GcGobyLDWhfg
DA:204,1,6RBYKMaQwBoX5kHsRQCyZw
DA:216,1,ARaXx76v5Dl/E5CGo+as6g
DA:217,1,33GXLsNohgrwfzEx+4W8iw
DA:218,1,x3/qYuPd5KMa3CEznrBx9A
DA:219,1,RrXg0M5Xq6vI59NHDYFaXg
DA:222,1,ppFJymgyUQmsYEONaKsGkg
DA:223,1,5mRPdVfVa6VKGZzjOIRGkw
DA:224,1,SbGsvGRsntsXuhKsLwCX/Q
DA:225,1,PnELzmWjRNDHy+vYVr158A
DA:226,1,Ni3xLkSLVz6S2mw/Syq2jA
DA:227,1,fCcM4etSSmJ8yzMdDyrqQQ
DA:228,1,SkQwRdEpP0iV9Q9cFTfITA
DA:233,1,xyCiPXGtHT6cgp0b4zRpcA
DA:235,1,S6YcjHkCfq1VwFCwafsmDA
DA:237,1,RfdYajxDQ7RVbH5gSxB9Dg
DA:243,1,x95VqwqHL3C04vvqN12JNQ
DA:246,1,EE0nMy03txKFlUhSywAmtg
DA:248,1,Zv3aXLG8gjle9M/UoTrFWw
DA:251,1,gnjDPI8aWI+mYUALroC+bg
DA:255,1,q+9qaBUQKqMDFw/OX4N3dQ
DA:257,1,ACsnHsI6SwmfP7LVzWHG7g
DA:258,1,VnZTHLyVdeN5CzxVPID/WA
DA:259,1,j/CL5FbYIeotGQ7uar/Thw
DA:262,1,62Cqs+I46CJgt1NCUEGC8w
DA:263,1,D74y5K5bt06aSmcJZEny+A
DA:267,1,8RLltU6X6wUve7CgpFEK8A
DA:271,1,QYzgY7YXDX0NZdxqHZTgXQ
DA:272,1,wcSJXioUkwzGADhCgOFFWw
DA:275,1,iQy0mTp9bOV7N0fJ2m99xw
DA:279,1,4OgZ2wAPMV6aHsQEG4lsPg
DA:282,1,MLGFL+01/eKFt99anDik2g
DA:283,1,d/M/cx3iVgxJKjdmOLnEeQ
DA:287,1,3INxspLoCX3zJKe/im1M2Q
DA:290,1,kHtynFputjP/YB/4PLV/ig
DA:294,1,oLg88cbDyWdC2HIwpj9G8g
LF:97
LH:97
end_of_record
TN:
SF:src\BNumMet\LinearSystems.py
DA:1,1,IWWjrCeOtk8NNtrE95++2g
DA:4,1,03uIUYSFAZl9ZxbuQRm/Pw
DA:33,1,ZSjOnbamMfyeFGBtASOkfA
DA:34,1,yntD3izK4zSXacT6opQyYw
DA:36,1,jtu2XsUL7LhIzngGK+IFXw
DA:37,1,it5b2Pt0hXqoRCxWYMJXTw
DA:38,1,oGnL/MZaFFRRQ5Hw3VLSdQ
DA:41,1,uKPKDDtHwb33kIVI/vIPfA
DA:43,1,OpDCMNeBetWHRUnUQjUHuQ
DA:46,1,IZb+4XED6oXnaLDx8biezA
DA:48,1,Z5nkKXONfIrqPbgQClxuCg
DA:49,1,DpvJgLcURNtCP0SB6vsUBA
DA:51,1,smZ69g7Ykl+ON4rL/ywQTw
DA:52,1,tgScjYvQ5RvXrOrUwUCXdg
DA:55,1,IJAgBvMiK6bJpNJos3AGDg
DA:59,1,Nw7afrK+NAgioDahSqRVpQ
DA:62,1,EW5E7xu1lk0za987rucX4g
DA:64,1,A1tbdF/jYDioecQDOjuGsg
DA:67,1,dtyFd51XwyECINus99tndw
DA:98,1,AEyPaHcJeLMuOwt7WDA/vQ
DA:102,1,803IKxnYThzFUXE50K8fDQ
DA:103,1,2t802ZocPz8cjWQwFb7k4Q
DA:106,1,fk4lupa1HKdq4KQkbZJ+Hw
DA:110,1,164kNyPKwKdCW4c3TaYPSQ
DA:112,1,06w/RXfcuKRvWrVIn3r08A
DA:113,1,xBywYkAeK3D/kLdZVtJTuA
DA:114,1,VBuX+TvkQu3145TkuLVioA
DA:117,1,JlRtzArutlDq1P1Wgukg6w
DA:118,1,EHNiDU5buqDel7Q1QO8IwA
DA:119,1,XfgbJq8x25mC2dEY3mjXDA
DA:122,1,cmU/gGr6Uz5B79GHbHcgGg
DA:123,1,Dz5hSexOpYWcjJmflsO/wQ
DA:124,1,71AmIEPUFqmv4eWUHah6mw
DA:125,1,MSOBYCp9o5G2XfTzDZIMsQ
DA:126,1,rrLr1OBAcJZGfUbtYkoIDA
DA:129,1,RBqraoDOoEgrFP7e28zobA
DA:130,1,2kNVX9qhVn1u+lZ34R3ceA
DA:132,1,FZkWxpLvxUP7NlzPnYwk3A
DA:142,1,JQHXp226se9M1L403K9EfA
DA:162,1,e99vfB7J6R7vUkIZmVGcNA
DA:165,1,MzMcinCf3g0YYQcxvEPcGA
DA:168,1,LQ+KuGWpaLXv+613B6DnCw
DA:186,1,I513SqJ2pRLzQUzBZYcdew
DA:187,1,KDQg1nULWAH68XUhoL8ONw
DA:191,1,LlMR8Lvfvxc0K4l1ywd2KQ
DA:192,1,r2bkj3YHOfYcczWThiit6A
DA:194,1,gAz20zB+YFpUjOYg6o9Qpw
DA:196,1,qE8MJpvy+dxGTsCAutz9EQ
DA:198,1,T8/jbAAGD68lx35SI9PpHA
DA:200,1,PL+mXVF1SesDhbpZU9gzUQ
DA:202,1,2s+wU257y6oeqV7cYypW6g
DA:204,1,4MRsc3BuL7//R2uo6iAiAQ
DA:207,1,O2WtCdk0wzG014lqQ75j3g
DA:209,1,M9ewPm2+hbbW2knrJMRcZw
DA:211,1,/eD6RZfitZrxwd8pGbqfRA
DA:213,1,SFRzR1huKSElYpwBBRtKdA
DA:216,1,8f6stQto6OnNRXfUIKnw2Q
DA:220,1,DiEN7zzrvUp+rG9mtIX9Ow
DA:223,1,cEgMGnkDXvNvi+n31Rgq7g
DA:240,1,Vr9M6d8q05Dy735s5pJpgQ
DA:241,1,KDQg1nULWAH68XUhoL8ONw
DA:245,1,P7Y8P9bWutEaZChiU7knpA
DA:246,1,r2bkj3YHOfYcczWThiit6A
DA:248,1,DnTa/GkOyp0oWLKVXra1ug
DA:251,1,4MRsc3BuL7//R2uo6iAiAQ
DA:255,1,DnTa/GkOyp0oWLKVXra1ug
DA:258,1,97oEIl2YicC7vkqP8Q1zoA
DA:260,1,2s+wU257y6oeqV7cYypW6g
DA:261,1,4MRsc3BuL7//R2uo6iAiAQ
DA:264,1,O2WtCdk0wzG014lqQ75j3g
DA:265,1,M9ewPm2+hbbW2knrJMRcZw
DA:267,1,resWRqqhuMuC5ixgNc7PAw
DA:268,1,SFRzR1huKSElYpwBBRtKdA
DA:271,1,KHVU1IK5Gwyj4E5IwLkCZQ
DA:273,1,Y6t3MlnCvEYrnR1Ha8AqQQ
DA:276,1,xj/fGh/omcU5p8AnG8H9jg
DA:293,1,yICNMXqNpr2Gwd9QwyPwpQ
DA:294,1,7zhNTTWhE6hB498I7UBKlw
DA:295,1,li+31dEK78UzxM7Thm9tFA
DA:297,1,Y6t3MlnCvEYrnR1Ha8AqQQ
DA:300,1,5+jnefMVlcflFoGtC8un6w
DA:317,1,xqZqRpdvrdfE07pyNgVeZA
DA:318,1,2OMx2voMmq1Tr/aJYX2KKQ
DA:319,1,hMo1ItH+9pzpXvaSjkWdEQ
DA:321,1,aJKcQAe/gEaybaLddTGQ5Q
DA:322,1,eXKKiL6GYIv5CAkVG3XRIg
DA:329,1,oIaNa3l55QNxCsJGwlLsSA
DA:334,1,aVEJyLSZyWf6OerpbUhirw
DA:337,1,rHkUck9iaMMPDQHwrQtsbA
DA:340,1,RgbyCd5c3Oqt6yeW5pEBkw
DA:342,1,aV7xTUT6xAdbAs8RD8lVJQ
DA:343,1,y8uc9Q0Q+o2bbKE7bEZ5gQ
DA:344,1,35b8ulrJdglp9vAJq2+O2A
DA:347,1,vevOrB+IOk+mP7o48UgBmg
DA:348,1,pqcDZcxncJtF1HBFaX5RkA
DA:349,1,XzRSMrEGzmWNusM3dyzQjQ
DA:352,1,01aJpvNWuHyLs6gp440i6w
DA:369,1,z1VznyhALFCrplMhTi7A4Q
DA:371,1,Z+Fte2S5M7enMMuW+lrL4g
DA:372,1,MSnwVgBPbgjXvZP0fHQmMA
DA:374,1,9bg3E3tdbbos5l3cpC9nrg
DA:375,1,myHGSmAX2PcW8f5DyQG/+Q
DA:376,1,oIaNa3l55QNxCsJGwlLsSA
DA:379,1,t7QYdnax8t4eI8AVyBlURg
DA:381,1,rTVmCb1j45s33BW8Leotmw
DA:384,1,xZpcN2JPN7gzyjeQel9dLw
DA:386,1,Oi7ac9QwMvUa6L/MejzVJQ
DA:389,1,EhKuRxdMLmA/3R23jGmhog
DA:393,1,jXXnGpCspPqyHpW0Qh9aTw
DA:99,0,SqNX6ucDpfvw6pzvG8KL7w
LF:110
LH:109
end_of_record
TN:
SF:src\BNumMet\NonLinear.py
DA:1,1,IWWjrCeOtk8NNtrE95++2g
DA:2,1,Bsx2GZRY4FepYXhZOZp5WQ
DA:5,1,RB4v3jaw16FHZC7K/OheTQ
DA:8,1,eu4WqWbokn8zIg19uVAmHw
DA:25,1,YnNfuBOKcRiyR86RL1L5NQ
DA:27,1,inhvlA2DtntdPHZM5p8dkQ
DA:28,1,SwvT8yGrfsym9ht28cAsIg
DA:31,1,NMT/TszbMi/NoGHRBQDGkw
DA:32,1,2pBuC2M2alGmx4XJ+Ho+7A
DA:35,1,VNR87UpYVZmrNWS5eI+EWA
DA:37,1,L+mPzRYgBqttuIOr31u8ZQ
DA:39,1,2bWe230py2CmdPM3Tw9I1Q
DA:41,1,m9HRelxV+SY8reqy2Q3qWQ
DA:43,1,EMtFgvhnqQXTenEfV5J6qQ
DA:45,1,cX+0rQ0iwyziBxhQySB+PA
DA:47,1,mz4DiZFDYorCLsVc75YGKA
DA:48,1,HUUeWsoZ7q+FVutrJb2zcw
DA:51,1,JLq0Gm7vVbLxwjpIwiTcOA
DA:52,1,EurLg9hcsurm1yTa04AGbQ
DA:54,1,NU49igF5qyGO287FlyEDiw
DA:55,1,DR+6KALpQzAZ0de4pCS4Fw
DA:57,1,Y6t3MlnCvEYrnR1Ha8AqQQ
DA:60,1,M0MGahDmO3/ANPodhCUCOQ
DA:79,1,YnNfuBOKcRiyR86RL1L5NQ
DA:81,1,tyIu0AT5dROMtNOCVk506A
DA:82,1,rkDQd7Ghh8Gc3eBAY7aegA
DA:86,1,NMT/TszbMi/NoGHRBQDGkw
DA:87,1,ViTutvOHOyi8AvOhzmFF+g
DA:90,1,L+mPzRYgBqttuIOr31u8ZQ
DA:92,1,QTu/QXUTPQM5J0TZLN6d/A
DA:94,1,m9HRelxV+SY8reqy2Q3qWQ
DA:96,1,60Pod5bTV9AaZNUN07aMpQ
DA:97,1,Yk/vVbcRuNkANd1YqETGeQ
DA:98,1,Ib8FN9lEJwvRvDuvvcd7bw
DA:101,1,NU49igF5qyGO287FlyEDiw
DA:103,1,mcuBEBGhjr9YsiKUNodWPA
DA:105,1,3AfiS0M+aYC2Hezq2mzATQ
DA:108,1,zc/K81KEsjYHhYGgsecgZA
DA:126,1,j/mGGRjTF+nWhpKK2AsO9Q
DA:127,1,mD2bPgAGZkQFLSsCa4so7w
DA:130,1,59HKGHzaKbUSRtZzcNMdyQ
DA:134,1,7eK/LzV2+SKAfQ2OezYysA
DA:138,1,L+mPzRYgBqttuIOr31u8ZQ
DA:144,1,rrLr1OBAcJZGfUbtYkoIDA
DA:151,1,m9HRelxV+SY8reqy2Q3qWQ
DA:154,1,CJxH57SjdEbljYvnj1hNlQ
DA:157,1,Cf/CjaVdTmMYTkd8NTL2Iw
DA:159,1,Eo9XUqW0wUBaf5SaQ8otxw
DA:163,1,NU49igF5qyGO287FlyEDiw
DA:164,1,dQmuY3zveTlO3p2qRxPsvQ
DA:165,1,2hNmDcULZdAZ2+hhVI79pA
DA:168,1,MeHiSQsKjX3X40lDYYWqvg
DA:185,1,N3O2Ni+d+3irzQeSvzDQUQ
DA:187,1,L+mPzRYgBqttuIOr31u8ZQ
DA:191,1,QTu/QXUTPQM5J0TZLN6d/A
DA:193,1,m9HRelxV+SY8reqy2Q3qWQ
DA:195,1,jBlZwSBLdy6uR2YfAj9VZg
DA:197,1,xSK3SRfILfPWL4uRYjtWCQ
DA:198,1,vJaLnHWheA6BfIiFNAR8oA
DA:199,1,yXA8m20ajpc2etrPAV6Kog
DA:200,1,skoGNZoqhPqb09qRpXntxQ
DA:202,1,kg06CwfQq80vLG1QksSzsQ
DA:205,1,NU49igF5qyGO287FlyEDiw
DA:206,1,bUIOWt+RKgw4XJom2jXysA
DA:208,1,OWGZCNSWMTjQLkJvqUHYvw
DA:211,1,jMScpB78/OI10qCP6+gIRg
DA:230,1,ilWoZfbTqnuk7kpV3bpUbg
DA:232,1,yQL0YchECTVeV9ZirhCJYw
DA:233,1,iVwGCwiHHPG47yH4ajtJoA
DA:236,1,ijZI6kSNCNuyW/dxErSZEA
DA:237,1,2pBuC2M2alGmx4XJ+Ho+7A
DA:240,1,ltHSSjmdSrCV/CcNBfrW0w
DA:243,1,S7+QaC3wdUnXflbFnWW2Yw
DA:244,1,/az21HZSfibPrhaDBU97lA
DA:247,1,bDfozKpEMkYt3JWmE2Pn6Q
DA:248,1,0PoUjsEiDXAL1/FmT+RizA
DA:251,1,L+mPzRYgBqttuIOr31u8ZQ
DA:252,1,XCvL077PuTwEJm/49AdeWA
DA:255,1,OiI/iVW6mbeyKvgNxyFZGg
DA:259,1,fz5MdZPgf3EwNHqFiaNMrQ
DA:260,1,KDmozqio21kSFOlR2Q1Seg
DA:261,1,LmHWifhcMtHUOGx/0ew6IA
DA:262,1,AE7Zr4YOyVKy8Rjq5uJf5w
DA:265,1,SGLPHNDJ5geneXs5qSEdcA
DA:266,1,mzCLoNv/8BahHKHUmvWDfQ
DA:268,1,FfbTflhh0B/al8MovFePGw
DA:269,1,4o1CW7DKGz2/npFE7f479A
DA:272,1,3KaVfMF6G+FdkLRNA1K7pg
DA:273,1,CDBXtgCRoQLsYD1ulGXklQ
DA:274,1,fXe8LcFECC18jmcD+DcYsQ
DA:275,1,HpLk+7bvBUkP3Vab9ynT8Q
DA:278,1,92AsZsp/MyN/ND+0eZTlYg
DA:279,1,w64+2UluFs7xiKrw1GbZ3g
DA:281,1,FP9QV908vEHSbFkKPMQkMg
DA:283,1,4zaaAnRocPWQN30FSTrcjw
DA:284,1,N3JbIUD+OHpZuYS/+EIkkw
DA:287,1,123bMfggyy/fSYBHBIEVYg
DA:289,1,5q4BngtAxB2xYrfpWZKOfw
DA:290,1,pqEqMUUIGyO4z7qDLPRxeg
DA:293,1,DBjgw0u0ZGXzfS9biWVK+A
DA:294,1,Swhx3jsVlogMYLFj9BwArg
DA:295,1,uxZWcxjcmv3kW+EqMRn8+g
DA:296,1,YrvDd9DBqH1McpNZ2i3a2Q
DA:297,1,sEDfh6JymcjtFeDagv/Hkw
DA:299,1,LSVBe5svt56PJOqDDRsR+Q
DA:300,1,YDoWmXup8wNyNH5Xwu3hpQ
DA:306,1,tQThSAxayZ0tcoyZvJmP+A
DA:308,1,rh5kYmlNnANMQKH+v97U3w
DA:310,1,YqrfExzyNWqqSd9Pw55o3A
DA:311,1,W9fj2Ot7jecsQ4OBsZUINA
DA:314,1,fNuDfceMlAn0PiuPm6QhmA
DA:315,1,QXoJjm9YOH+nKqyZXL2CEQ
DA:317,1,m9HRelxV+SY8reqy2Q3qWQ
DA:319,1,MbE7Wzp1UBvR4mDbjE6NYA
DA:320,1,4SILW7yLyDPgrCQ+kGoS4g
DA:321,1,7/b8YaNOp2Bc+OUzbyP+jA
DA:322,1,NU49igF5qyGO287FlyEDiw
DA:323,1,mvyeE54YdSeO/Rbge8emVA
DA:324,1,3/F+zTzA0bE1YSyWFIZE3w
DA:325,1,z1ajm6jLWI+Mz0Z7ATzvAA
DA:326,1,BE2f+I5cJ24NpQQVlcGwJw
DA:135,0,rkDGwp5dhhC1TnEJedB4Aw
LF:122
LH:121
end_of_record
TN:
SF:src\BNumMet\Random.py
DA:2,1,8ikfMqrb8NugC/oPGOFKAQ
DA:10,1,RP40pHNrqfWTwB9MfDt9dw
DA:15,1,0FG4NkIYBFziE0O0AfWtlw
DA:23,1,jXnuDzm/YTxOBC/AM3H1vg
DA:44,1,vRYS3YLpj14OAbkRRThM/w
DA:45,1,lc49K85HNRWWXhousNhp3g
DA:46,1,sjCkjFvvQEVhnBXti0ncbw
DA:47,1,JPtQRAKKGMfjFINph9Iubw
DA:50,1,hD8jjaIBz5RxQV3uxYGcYw
DA:72,1,0nEB1IQrLhIvE6rFdMGTww
DA:78,1,4jNJL/6L4zy1f1gn0ltx4w
DA:80,1,8m5grjAm8ZJ4O5Iz2m/AUA
DA:82,1,EOoSpHVggUagTZA3Y4uHMA
DA:87,1,TQYwts63rsxdDjdWCUv93A
DA:89,1,RSviYEfYhqHSZJFIn8R+bg
DA:93,1,eG5ZG5ys48bimR7cme283Q
DA:97,1,+aniPGyGQPr2HehHhv3q2g
DA:107,1,ZZrs4sKwGcjn1+8RQj4Kzg
DA:112,1,D4rw+FgmatlsmCrnXbAMFQ
DA:122,1,IzAAG48W5bvom7cowe7/QA
DA:145,1,0nEB1IQrLhIvE6rFdMGTww
DA:148,1,ASvBs79TRMPzl2uxlNg7Aw
DA:149,1,SrN6tcN5o/s2FHoPYw10aQ
DA:150,1,3DnygwR8RVFi2V+BR47qEg
DA:151,1,e6wd88EHJzUsJrAd7NjkOw
DA:152,1,yORDSFkguVtOLN2onceA9A
DA:153,1,MXAumrQbmox2DalXTrM6Xw
DA:154,1,ma11VEfx+/hVcg+J5DmnoQ
DA:155,1,joOh7U2uXiNL9j3dkNWfQg
DA:156,1,h2qsZZp9MdBqFRqCWrSnSw
DA:157,1,atWPpIJ3oCcnyq6c184R0w
DA:158,1,W0plh8bfjw35YvxrMvCIFg
DA:160,1,30hVlRYIpKYvpcAsrjJ84w
DA:161,1,Hw9EDoD/6LZDFOLJuu0q0w
DA:162,1,hcZUP+mpj6gUaZCuFGILLA
DA:163,1,f3ainCUZGYsdundZbFWDEg
DA:164,1,/qwkmzFgFkz7CP8pMvQ++g
DA:165,1,uTyxaj1B8jZVvJzgUWn5Ug
DA:168,1,zjnXN61nSpmKLrLHHkOGsg
DA:173,1,7D+hMxdEL+IsxlIMsLLX/Q
DA:196,1,jTXXNTPgUmv3pt4PJ83Smg
DA:203,1,JGAgVxUAzu5FeC36Mxvr8Q
DA:210,1,4u6c8zWgznUSjahKsQHb5w
DA:213,1,EOoSpHVggUagTZA3Y4uHMA
DA:217,1,Itg95A7cjbnOKCXCtiyk4w
DA:218,1,0tuHPzJTdorJSjo8PpZBXA
DA:224,1,zvxZOF/jJNRfvw8528hkdg
DA:225,1,VAU0oysa0xZ+ZEML/FhwCQ
DA:226,1,PLv2xNynVMrGayINakVaJw
DA:228,1,gArq0K5oeuttNoL5usIrNw
DA:230,1,Fg/PTGoe7kKCejqMaBXrJw
DA:233,1,vcxu1YFWbuFApgJCxbraAQ
DA:237,1,b92v+Z2GksBgb6eSq9wKPg
DA:250,1,H71JbDBDVFJihnLAD3CLhQ
DA:259,1,Q2B5YlZmG0m14JKJKR9CDA
DA:272,1,FT3mL/j1UZs+Rfq33a6IGw
DA:286,1,Q2B5YlZmG0m14JKJKR9CDA
DA:302,1,lxtFZvx9ON3Own+Y2e9TFA
DA:303,1,iRt53hkrXAAffD1wmAIHSA
DA:304,1,Wd76MUa9uZhlquaZdLfBNQ
DA:305,1,TNG8RWQWPobdHxTqx3+ksw
DA:308,1,5EWQyTCDtuumMVoiqm4crA
DA:311,1,qngyr8B+lLsEK0ZB00o7Ww
DA:315,1,0nEB1IQrLhIvE6rFdMGTww
DA:326,1,27+0cx5bEEm36mhwz2RjrA
DA:327,1,S1Vr3Nab5sv8148h5TX6ig
DA:328,1,nFOI191tpco/kghWvW8u9w
DA:329,1,LzXgYSZkDr0ZtjDMo2CUeQ
DA:330,1,fwIlPePw96H1hJ2sXFKnPg
DA:331,1,Q6Prnm4wG8FuAw5gPwJx3A
DA:333,1,EJi8wB8VzDQHRDNu7n6Pyw
DA:336,1,QhirEFEYPrpsQZ5gzK9kDw
DA:337,1,eSAL8PBK37lHkHuhFJzTBQ
DA:338,1,Gw48pHZCLeTJq+tlECmfpw
DA:340,1,WHMzuZp1D0EAMeqe4f3Qjg
DA:341,1,/Ff5Iegc6QyRoZC4ccaKPQ
DA:344,1,z5QU//s9iD/YWkk2aX8q9w
DA:347,1,c4S44FWjbAA5o2+Jp2ugJw
DA:349,1,l3aMtsvn/nNxhIXp8v8y5w
DA:350,1,/Ff5Iegc6QyRoZC4ccaKPQ
DA:353,1,z5QU//s9iD/YWkk2aX8q9w
DA:358,1,c4S44FWjbAA5o2+Jp2ugJw
DA:360,1,+hEYMM6+7LXN6xaaqzgLkQ
DA:363,1,7zBCKN4wKTnt6fWRKQc5EA
DA:367,1,MZyNPwF4TlKGXf+K9j+hfg
DA:369,1,I3Op954ioO9qW4R8nR6u0A
DA:370,1,MQ27sogkymoKqd2eWTcqdQ
DA:373,1,loXzwJ7Yrk83a1QGMi4u9Q
DA:374,1,6TL/J+Wqh4MNEVSHNTWlmA
DA:375,1,nQJkTXX4fjNlWxA3YYkuBA
DA:376,1,UpvMJ+F48k+33udbiXIsMw
DA:378,1,K6uFUmpNyHPY29zXr9OpxQ
LF:92
LH:92
end_of_record
TN:
SF:src\BNumMet\Visualizers\InterpolationVisualizer.py
DA:1,1,IWWjrCeOtk8NNtrE95++2g
DA:2,1,WO5qzfeudEhnpBL59wlCnA
DA:3,1,ZKcxIdhvrVjF78XcabCCLw
DA:4,1,o3e9LnFf2bHgINyNVeB12A
DA:5,1,MKZymsCiUCSWIIbhlW8n2w
DA:8,1,s5sqARTqdpk/FtjTShb50A
DA:9,1,4LgMgWBGno1n5MNJ8WRFsQ
DA:23,1,MtjYsSVPsMb4jILOdT3XfA
DA:24,1,935hCwUqbqxwryiC3RGDBA
DA:26,1,+/wFSoHI+ugnoZuifkQjlA
DA:27,1,yWGkr57Om12h786Sh7pLxQ
DA:28,1,LTarIjH5tppd6Ewvlr9fXA
DA:30,1,9ns9V+sLyUR2a33MZzppXg
DA:32,1,nWUEQYknhipUDz3YCexq0w
DA:39,1,G+SFP3USoWz6B5CnfwiQQg
DA:51,1,BzmBi5QSsF+g4WH5cy+iew
DA:58,1,apZsjsw2lCG1DEoyWYLF+g
DA:59,1,SUyTIn0bDvBDzQO+b7TIYQ
DA:60,1,akSlAQI507TX27UDMNK32w
DA:63,1,5iJqF1A6dQJLVQ7M9bz4VA
DA:64,1,HXWqnan782un0xfeei/rVQ
DA:66,1,2yomJdrqXW4WdBNVyamQ5g
DA:67,1,V32c40pIPdgMHJ+BFywUog
DA:69,1,BzmBi5QSsF+g4WH5cy+iew
DA:74,1,hwAkqa76hCM8d3Hcf8uIUQ
DA:77,1,JZoxRDuOnrggTVJjuLMDpg
DA:79,1,BzmBi5QSsF+g4WH5cy+iew
DA:84,1,+JJlqzeVE5heZ0CYq3v61w
DA:88,1,BzmBi5QSsF+g4WH5cy+iew
DA:93,1,JgMgzKabHBCFeXFPx0dcbQ
DA:96,1,yECalXs/yl9QuL/YJ+5UPg
DA:98,1,BzmBi5QSsF+g4WH5cy+iew
DA:103,1,6snOsR3q2aKDZJ+fCie/Ag
DA:109,1,MPg7dwnwmMZZcRIavvMNgQ
DA:111,1,JRU9w543oRcb5LYN9Jc2pQ
DA:115,1,iSgfcnDam9vTPNkEFuUtPQ
DA:116,1,hDRkKIEBuZZVAbLh6O5KQw
DA:117,1,nW2G15FM3E7h9zEidKpbrg
DA:118,1,IDIKNIzhgOezn6V4700lrA
DA:122,1,+myP1ojjQALhnPLHrpd78A
DA:124,1,Q3Q51NbHZP8AuqJ0CHX2YQ
DA:125,1,Gz5mZ1AF+4QbuM4dMsK7iQ
DA:127,1,Jn0l1PTCguIQe8vglTRBSQ
DA:132,1,rq2s6MsuQs05W6ImKk2lDw
DA:133,1,DMQD3ixuecffzkIFDlSzSg
DA:134,1,sTBci2cWngWTJLTfZADa1A
DA:135,1,Sg8ZiCq1J8RNtuq60C+izg
DA:136,1,ywY80Kvl4T78X3Bb7duTOQ
DA:137,1,3kRoHIASO+UZPjb7V0oVVA
DA:139,1,LQRhGKHzrSQzlCEOXwpVkA
DA:145,1,h4prNoHCCXkAXS0XQBkepw
DA:158,1,ZhC3joT6k3en7MPmygmFlg
DA:159,1,3KqqYQs3u+plZODJE4XVDg
DA:160,1,XN5d9sAZq0rgPGksX4oOhg
DA:162,1,DKQy9V1U/t8XRWnezDfDAw
DA:167,1,lSe65gYDvJixQjEU/uzryQ
DA:183,1,X9ESAfjv1OjahzZoKLCzvA
DA:190,1,67ON9/z04568Aqw8qmWKzw
DA:195,1,gq070CQg8FE70uVN45Njdw
DA:198,1,L9t5jYGHdiNXLrvXDNyhaA
DA:199,1,HpHiS2e41HlpoRo72/Ovuw
DA:204,1,Cvh+e3sXN4M1B/1AlwqzZQ
DA:206,1,2xuh+vQ9ceJGmi3xDBvDYA
DA:215,1,zoVFK98EwCXenZvbNUrDlg
DA:216,1,gq070CQg8FE70uVN45Njdw
DA:221,1,D+AUVEp5jwmNg4l4Plltwg
DA:225,1,Npy0lQ6RgcMiD4I1g10HCw
DA:231,1,6uxsSNCbuMOeSPUIrrkIiQ
DA:232,1,hy4ncnK1ofOehXPGsrofxw
DA:234,1,pcBOs4/RnVllxgIRA7IDMQ
DA:236,1,sIzlcgkczwZyAh6+j5pctg
DA:238,1,Oqnb2AqhfFy5uECT3eAnfQ
DA:242,1,Q3Q51NbHZP8AuqJ0CHX2YQ
DA:243,1,Gz5mZ1AF+4QbuM4dMsK7iQ
DA:245,1,7vsAuOKxJOL5g8u8atFWeQ
DA:249,1,SfZat58nrDzFQlU+5k/0gQ
DA:250,1,X0D2nK4Mxy1gYWRix2h51A
DA:251,1,ZgMg+JIWboyjsnvyRF/99g
DA:254,1,SUyTIn0bDvBDzQO+b7TIYQ
DA:255,1,WRzFl66irujtFPPxJDy2Fg
DA:257,1,Xsfl2k8iWgqCw/8cg95t/w
DA:258,1,bYuyYD+3/bkZKpex6NCmmA
DA:260,1,lYmu3BXPqN8tAgC6cAs3lg
DA:261,1,3LxEKw+MIDqno6vCwM4rHQ
DA:263,1,Q3Q51NbHZP8AuqJ0CHX2YQ
DA:264,1,Gz5mZ1AF+4QbuM4dMsK7iQ
DA:267,1,s42sEZFOhWwlhalWvGnNPg
DA:268,1,OULd7N7nuxMvDtYXAeBugQ
DA:271,1,LC4OxTFcDeo3Tj5ROh56Qw
DA:272,1,ehU+gBJNYvuTX2uFQYamoQ
DA:274,1,YbuKLXfOfK889Jve4fdLkQ
DA:278,1,sVGC0A6rTBdLdTopDtxvsw
DA:279,1,H0lGJ+qwGudcy5PiHynd5Q
DA:280,1,9M96ziE6MncF6CtgU11SUA
DA:281,1,PifTSTs4cxhqfgucQNr5qw
DA:289,1,oOmdGIdeNl7UdCI7Gy23oA
DA:290,1,TTSt/dVDVfqJYKIHWLTI4w
DA:291,1,KcsBIKZ0y6hAnxSX3tSPRg
DA:294,1,s42sEZFOhWwlhalWvGnNPg
DA:295,1,OULd7N7nuxMvDtYXAeBugQ
DA:298,1,LC4OxTFcDeo3Tj5ROh56Qw
DA:299,1,ehU+gBJNYvuTX2uFQYamoQ
DA:301,1,zwdqB9LKjHeNgy4PL3uzog
DA:309,1,wcRHQ9jkT/91lX0VFsBtkQ
DA:311,1,qP5bPiSf+aTfp2EHuLZ5dA
DA:327,1,lLTemaFvere+TLK7okaZBg
DA:336,1,kY61zsZArhUYzH/qcYFkTQ
DA:338,1,r02ZPbaHnoOve1OBHYwHQQ
DA:339,1,oR7cbnrGE0manN/jWGaamA
DA:340,1,UVck65hp59Mxq3QMGuMm7g
DA:342,1,vOUl0Ax2G8iLD+rgtnpC9Q
DA:202,0,L9t5jYGHdiNXLrvXDNyhaA
DA:226,0,cclTa6t3MRFn2nRj5IRoWA
DA:227,0,Npy0lQ6RgcMiD4I1g10HCw
DA:229,0,BDY9ViVLORr/bNN0ziRY9w
LF:115
LH:111
end_of_record
TN:
SF:src\BNumMet\Visualizers\LUVisualizer.py
DA:1,1,IWWjrCeOtk8NNtrE95++2g
DA:2,1,o3e9LnFf2bHgINyNVeB12A
DA:3,1,jacXH2s2ggot02tcriRTFA
DA:4,1,dKU4TcjDZbw4h6pwTX1N4Q
DA:7,1,NS/K9qk6Aopoml7vz388xA
DA:8,1,EHCGZC5kcqsiu7YL0KDNDg
DA:24,1,zcDkFOKcfvJJwylQva+gfg
DA:25,1,2xm1GW+Ma1VcdBJk/aPMqg
DA:26,1,rUWqhQHEQ765tJMNULRR+g
DA:27,1,NyHEOy8NSO20zrOKshuvnw
DA:28,1,THoynyYLF6cDixE3w+J5UA
DA:29,1,oRFma4arOPH47u7+a6+Ctw
DA:30,1,sMqIq20ivH3AyTpkMUHnQw
DA:31,1,rNBy0eSJHr+hsH7ZO/1bFA
DA:34,1,L8TCtAlt32smOKBPKeywdA
DA:36,1,G+SFP3USoWz6B5CnfwiQQg
DA:47,1,S7cvUnggr+v4DP1WP2hHAg
DA:56,1,lYfvzTPjP/b1g/vFBg6bXg
DA:65,1,Iwa3vPWxzK6ESmEnDqWIag
DA:74,1,1dKyndENIOLVrUXtWoD37A
DA:80,1,owsl3C+rmWqFvMqVOPrQdw
DA:85,1,y+QqFvP3TW77lZ0qfqmmxQ
DA:94,1,L4g94sxZOPpF2q404xLC5w
DA:101,1,pRCnCJnwrchwiBYtZxSHkQ
DA:104,1,hwAkqa76hCM8d3Hcf8uIUQ
DA:111,1,yG56kZ949zsRPAjnnvHoVg
DA:115,1,282jWeQ1NeQ1tIZbi7AdWQ
DA:116,1,hHDq9XK6Epux2bIOIlb4Dw
DA:117,1,N/PDOfH8BWlM8iCJlM2BLQ
DA:118,1,ox41ENeji8R/qkF369wrDw
DA:119,1,D1W9wi1dJ+cKyGkts/K5OA
DA:122,1,LIiI5EatmH6WhYxPs1yHVQ
DA:124,1,f+q8Utym2DTNxJ2T0D9ltw
DA:126,1,brF3AC8XQC8Ybsb9EePnVQ
DA:128,1,WXwGILuYWeiKboWRaWl3dw
DA:132,1,acTE0suqRFuy+nF2HVNwmg
DA:134,1,Q9pQKYicQSk5ShGDyi/Hsw
DA:137,1,KFYTqEQXtU9FFPGtu0jDgg
DA:138,1,lsgg4QXXZPxc8mAroafhiA
DA:139,1,VvSkNm/J29i81nQSZ5rYPQ
DA:141,1,xMlgEOzoI22cdv7bFKp3AQ
DA:142,1,f1sENbRnZcA2tZG6hrEnxg
DA:143,1,XroqEsxeYojkNzQxhiKXeQ
DA:144,1,sqmmf6Jg+yIUS5iYqC8dtw
DA:146,1,iE8K36mppTk3NnB/OuUniA
DA:163,1,epnKEiIZrqT9DqmaIoi9/A
DA:164,1,v/UALESkDRtRuz9BIpJpYw
DA:165,1,q7SDDUN4YjEZC1EAgGQ0Kw
DA:168,1,YmR3zLPKfpwPYO5yuRxTWQ
DA:169,1,H21sGOW2m2zJdLmCBbLfxA
DA:171,1,oSdWkLV+q4o6LE+6SH+Dtw
DA:173,1,wShptcVW3KYTxwBfUh0bJQ
DA:175,1,DGZtMDPrLuNj+PIj5PWcAQ
DA:179,1,dAHKNLNJL74COQiSFVuENw
DA:180,1,HCUkpDJkbLVD+mS3kLvH5w
DA:182,1,ifa37U1kaNZvPkRK8fCjJw
DA:192,1,AgyPo4NRzJJ4iOM5VH5ogQ
DA:193,1,NJugMYGkYQI1OZbkEnFp+g
DA:197,1,Xa8JlSZhz144jsLF0dbdew
DA:198,1,CojUTgyDF5aoWyHO2xjveQ
DA:199,1,yUeYiKksn74DwP65FR6vwg
DA:201,1,RWQJ2PMy4/5gMIHobnZjwA
DA:206,1,shvz8QjFB2MSN4RA451qIQ
DA:207,1,e9nrSYPxP+Ol4F6G2Di+iA
DA:209,1,29gvctxsb1lHo/SdhmTebQ
DA:212,1,r4MPCIM4lOIYiNR6jBFB3w
DA:213,1,AZOkO9cCaT+NFT0TLe1J6Q
DA:215,1,yUeYiKksn74DwP65FR6vwg
DA:217,1,K9HqEfQj+abs08WXS8lZWA
DA:221,1,K9HqEfQj+abs08WXS8lZWA
DA:227,1,tTZtCzApQ6CX+uaW5rUFZQ
DA:236,1,Ow/bT+/ZE4NDA4QhX2lYgQ
DA:239,1,d8+GVoNiAx7+nqGYrR5mGw
DA:242,1,rBgnVsgaIN1h/ce5pX3RGQ
DA:245,1,Ig0j7uYc8HZoYd4Ov2y7jQ
DA:251,1,LdS6iPhr8WQxFORZB66oRg
DA:252,1,MevMksY/BtC/4OlyKB+0ig
DA:253,1,qWOhp0IrZ1J0c1zCujnniA
DA:254,1,lWGc9BotIyy/qFI+21uK9g
DA:258,1,StrJfRQZ4RgoYi6sMFW3JQ
DA:260,1,oM/LNj1aaKzp8fWXzV50eg
DA:274,1,7Bkb906cfkF+2MqCtlrqgw
DA:275,1,7zNOhXUUpMPTkpjhCDF3TA
DA:282,1,BYwqvlr+K/kVLBkDqrdoYQ
DA:283,1,NlBakb3qIbd4+dq6PsxqQQ
DA:285,1,E0oZrPK8axsmceAlZEI/eQ
DA:287,1,7vsAuOKxJOL5g8u8atFWeQ
DA:302,1,9VXXm0zhbpb6IEZ3yHT5WA
DA:303,1,ZG2JBruyOmxUx8jCkwaDhA
DA:304,1,TqBRcp+BIk4uKtIw1qi2kw
DA:305,1,3C6qvaMFx8+aEGZNS8m0rg
DA:306,1,WspAX7Bmmvs+jmPbhS+oBw
DA:309,1,mU3UOoyL/XzJbDkIbSyPug
DA:310,1,YmR3zLPKfpwPYO5yuRxTWQ
DA:312,1,ahEehJh+H2B0NEQ3x5L3IA
DA:314,1,iO8NFaRejFtM8IQFu5YChw
DA:316,1,YbuKLXfOfK889Jve4fdLkQ
DA:325,1,oOmdGIdeNl7UdCI7Gy23oA
DA:327,1,4eZ6bMQf9p6e7SZHT9Uuog
DA:332,1,0ZR+1vb+D+2QUZcgH25MDA
DA:335,1,GNvcNF7ga5CrMPuHoo9oFQ
DA:336,1,J6L4Fss/AkKEBEVqyG89oA
DA:338,1,jNUqwb0AtU2FlAEiCRRWqw
DA:339,1,hzcrq0gOnciz186WotdXKg
DA:342,1,g36v/cqY3cXG3BCYmjIF4w
DA:343,1,lDgfPiNFaR8yrNXvaQV21Q
DA:345,1,WpMQEKtIpr74KJaLzyytbA
DA:346,1,6JsWXnicoRScZTFhBz1U9g
DA:347,1,Z0rLk/dF4p4BHngNMDIJpQ
DA:348,1,4YvD8HL8/ajM1HAI0EoAOA
DA:350,1,ioomNKXDaCz4+bFhv0Xcng
DA:351,1,cZ/gLTQHdJolrkEVHkmUQA
DA:352,1,s5YtKkA10x+4mY20GIJ6nw
DA:354,1,WpMQEKtIpr74KJaLzyytbA
DA:355,1,6JsWXnicoRScZTFhBz1U9g
DA:356,1,BJXUrjBWhHiim6nlKNZ7fA
DA:357,1,4YvD8HL8/ajM1HAI0EoAOA
DA:359,1,ioomNKXDaCz4+bFhv0Xcng
DA:360,1,cZ/gLTQHdJolrkEVHkmUQA
DA:362,1,LwrViWdDqu0S0kJXpLLKIg
DA:364,1,6mZb1AtqVxafha8RqBvWkg
DA:210,0,fvrh7ZJssWLX6yyiqhrN8A
DA:329,0,AbC7WRInUZ+6cK4AcYW0PQ
DA:330,0,MnfHjq8bcvz0qoDBU0niAQ
LF:124
LH:121
end_of_record
TN:
SF:src\BNumMet\Visualizers\LeastSquaresVisualizer.py
DA:1,1,IWWjrCeOtk8NNtrE95++2g
DA:2,1,ZKcxIdhvrVjF78XcabCCLw
DA:3,1,o3e9LnFf2bHgINyNVeB12A
DA:4,1,MKZymsCiUCSWIIbhlW8n2w
DA:5,1,tieBgT2whzIvqYpxeR63Qg
DA:8,1,Q7NtlT78JNtfD8bfXhfbjw
DA:9,1,/ZvqiDY7XVzMiSFdpC6ZCg
DA:16,1,4LgMgWBGno1n5MNJ8WRFsQ
DA:19,1,myaiEYuNgSABv3+fY1ex8w
DA:20,1,fA3nvzVTUVtrinWtr4scOQ
DA:21,1,0+XOUgKqR/PmgVEBJHl9Pg
DA:22,1,HVyrBJ61ni9ux6MdUIeaUA
DA:25,1,awrKBkLPgycGwLoVOiI+qQ
DA:28,1,g3rdBVr/c+hnjgSqxPtN7Q
DA:32,1,Ikk/ntar1C5S7yx84sBmfw
DA:35,1,mRkTBdpwWxiWRHAE7cOp7A
DA:41,1,G+SFP3USoWz6B5CnfwiQQg
DA:47,1,k4GLCQU7DlyQwnZQM1hz6g
DA:58,1,EOb37Y2d78syOofCF5DviA
DA:62,1,kQD6QDJwKRywM52q3ryjyg
DA:70,1,kCSc67KLndqkBF+3pwzrNQ
DA:74,1,4oXaNj3GR88uWOr8mzN4gw
DA:83,1,uuDz8LyS8HiOtqycuGepsw
DA:87,1,iFqz7IIF3F/Fmqu2H0XvKQ
DA:92,1,0i9vej3llV31ZiPkmK7ANQ
DA:99,1,dBJ5xh9JuvMSiQZgInzWRA
DA:106,1,S0G3wJRoMOruB/vQ3PU5CQ
DA:107,1,t/H/UzmYnFTCvADusCd8PQ
DA:108,1,9M96ziE6MncF6CtgU11SUA
DA:109,1,PifTSTs4cxhqfgucQNr5qw
DA:117,1,zwdqB9LKjHeNgy4PL3uzog
DA:123,1,NpUPyBcGBTPyHP8RDo3VzA
DA:124,1,qgH4djQaTljv/rR8Xxonzg
DA:125,1,10zanH0Inmp+8Yf66D+lMA
DA:129,1,ZHLuJzzHn9SYVNAYp1Zuhw
DA:132,1,SN6GACUtryBC+7n3WmcCfw
DA:137,1,3F0xQxQ8Gn2L1JZIi+loMg
DA:139,1,X3m2jZ2WFxs81tZ/qvmC+w
DA:143,1,dEHNtVd7cBco+EEexW+bBQ
DA:144,1,F0jxJRR7xiHZtaQtPpZnbA
DA:145,1,NoZBRr99Pz0w40wl2vdMXw
DA:147,1,ud5okzWkqHDcIFV5MuunhA
DA:151,1,oUNekBmIS3nw8BCk8Zht4Q
DA:152,1,F0jxJRR7xiHZtaQtPpZnbA
DA:153,1,+/B4wh/sONg945Q3dpWLOA
DA:155,1,AVtgdlhDuE0tbO4qO0XfQA
DA:159,1,QnPaJUvehesIep7rVo1PmA
DA:160,1,4Sb/kvAnyNoqJGr+ytQsFg
DA:161,1,67ON9/z04568Aqw8qmWKzw
DA:165,1,DGWLDVYyD+ZKnRYexQWlnA
DA:168,1,UbsDtZo5JmyFmHkFRNMu7g
DA:171,1,vIkcFl1kJ5TiJP0yJTfhNQ
DA:174,1,d1vXOKc04qF2BPX3Ue6ptg
DA:177,1,vvUpxZNU7LsR+xOktjUULw
DA:178,1,vqR4tZK45dAZ+2rQaz27uw
DA:180,1,DGWLDVYyD+ZKnRYexQWlnA
DA:183,1,34MW870t6Ciyskkf70P4WA
DA:184,1,fW0Pw5IM+B1p7v5S1POSQg
DA:185,1,77sya+oomRqkx5ABcN+QbA
DA:187,1,DGWLDVYyD+ZKnRYexQWlnA
DA:190,1,UbsDtZo5JmyFmHkFRNMu7g
DA:193,1,8h12rDTpy3SNccFpvX20Zg
DA:199,1,0XZkaVA+tqwo6aJyfjuNkQ
DA:202,1,pTZ0kX/KwGWAOkuCB47jYA
DA:205,1,5SDxojKvaYqznpdmjycs3w
DA:207,1,ESgCVHo5fY//56Nr43UtKg
DA:208,1,aQkm8+G84tWKGiVjhoWPcw
DA:209,1,9xwGNRCXH5IVAIuGcnqk8w
DA:217,1,sL+Fp3QGEOpzDV8dY6pLiA
DA:231,1,tcJOiCoIsqlguC9kG8HZnQ
DA:232,1,uvl+5VpgyK1ZyoyUnt98ZQ
DA:234,1,CEu/1nHy9JmelGagehpdiw
DA:239,1,JweYBzbex5Lkrb7L/lt3hA
DA:243,1,SFjs0VZeNASfi9LsLwxjeQ
DA:245,1,SC7PCD5ACmMqEJDtL+3UwA
DA:252,1,1N1NjVBTNnOx4MqHmlXXJg
DA:256,1,Tya9BPH/LjztHVRbgX8mUA
DA:258,1,B3iEHG1VjseKOSLgxLR4hw
DA:274,1,SiSiT86PE7cYAwfBzdg+Ug
DA:276,1,JSSKnYl3IQMQWd2+rZchsA
DA:293,1,xo2Yy9jwHPGi3MxhJQCsMA
DA:294,1,nK/FXs25hw9wsoVQ5HNZTw
DA:295,1,04R+EPJc57TSnjLN/VUlGg
DA:299,1,vLk2YjmBT3ExAWqIhCOzkQ
DA:302,1,hITDQLQP10em/CXzje4t5w
DA:306,1,SC7PCD5ACmMqEJDtL+3UwA
DA:313,1,z1RzKOSdJI3CwUvYMER7sg
DA:315,1,w0rgB3qsPveeNYkvTABeqQ
DA:317,1,7W09cC5pgx6eQTg/7FWsRQ
DA:337,1,AM1lEUCtVQLBAdCETkEBUQ
DA:339,1,o9YyU8apVEtgeqG+Gc8iyw
DA:340,1,J7Dh+Y3oITGsk2F92pqCvA
DA:341,1,rQg0RMcp4xhBGgYeIvMo/g
DA:342,1,5TnDSsBwZ1WIIw6rMIJ/kQ
DA:343,1,CQKqmYk3D3hBCLmuh5ONXA
DA:346,1,34p7f949LO6b2Q3hgs2oaA
DA:349,1,eX0miElBK1PXN1xc/eWdVg
DA:351,1,o9YyU8apVEtgeqG+Gc8iyw
DA:352,1,wcIgprAMOPwwQhSdXX5Y8A
DA:354,1,GrlDUNFaiZiKsJ2NrkyfCg
DA:356,1,fn72GeVr1Bb/atKmWSTbMQ
DA:358,1,eyDrbMVL1YYedjqf/QlrOA
DA:375,1,DeExbNR7011zAqdHhxlOrw
DA:378,1,XfgbJq8x25mC2dEY3mjXDA
DA:381,1,jWVD7x779qvOAc4OqhfQvA
DA:382,1,5kvZ+VJQxcMz1fOu3Gmzow
DA:384,1,vLk2YjmBT3ExAWqIhCOzkQ
DA:387,1,hITDQLQP10em/CXzje4t5w
DA:400,1,SC7PCD5ACmMqEJDtL+3UwA
DA:407,1,1N1NjVBTNnOx4MqHmlXXJg
DA:421,1,Tya9BPH/LjztHVRbgX8mUA
DA:423,1,dAkBDIumAovdjkV/IcV3Uw
DA:439,1,p5kwb2I+O17COclFumGPUw
DA:441,1,OkE3ViNZmaw3elyYYWu3XQ
DA:443,1,Dggu2PbA5eBhmugRl/zYCQ
DA:444,1,uo2VrFPR+0NfgF3eBAYoWA
DA:447,1,uo2VrFPR+0NfgF3eBAYoWA
DA:450,1,uo2VrFPR+0NfgF3eBAYoWA
DA:453,1,uo2VrFPR+0NfgF3eBAYoWA
DA:457,1,envWkj2apXNlgXjzQeEaiA
DA:459,1,h/FN1o6IXq0/o3AkMXPJQQ
DA:460,1,OwDeJKebbrdxwnMJQp+U3A
DA:462,1,LaLtoZd3P2y28P0HcYdFaQ
DA:464,1,WcdhMA+AIJPjaKoDStvRqw
DA:466,1,YbuKLXfOfK889Jve4fdLkQ
DA:467,1,oOmdGIdeNl7UdCI7Gy23oA
DA:469,1,0ZR+1vb+D+2QUZcgH25MDA
DA:164,0,AmfAZzSO+FCSwm4uEhEO3Q
LF:127
LH:126
end_of_record
TN:
SF:src\BNumMet\Visualizers\NonLinearVisualizer.py
DA:1,1,MKZymsCiUCSWIIbhlW8n2w
DA:2,1,IWWjrCeOtk8NNtrE95++2g
DA:3,1,sOfFPyCkLm4LZKoT2dgYcw
DA:4,1,YbdpPNkcfePYKSOAI+cEQQ
DA:7,1,1y0tMnSYqph5y0ZtcHL2LA
DA:8,1,4LgMgWBGno1n5MNJ8WRFsQ
DA:12,1,1VREP2rUM3sbamx2V7I8uA
DA:18,1,7EAQzJQjxK2pGzgZ3mfWfQ
DA:19,1,kB51lQxdzXYlWjd8vI4d1g
DA:20,1,ltyWwqtQwsUslrDzgLLW4A
DA:23,1,zaeBtIkAY6WfZR15l2Oeyg
DA:27,1,AFnDVkRd3FgLc0g+JsdurQ
DA:28,1,Rsx2OgjMGxc0ko4xjddzuw
DA:29,1,VNM5SiUEAh52xOVVdfIpeg
DA:35,1,B6u2IeuwosM4wtWom5BqoA
DA:38,1,+SYSNLCo1xRahrOjNpxudg
DA:43,1,HifY2RV1CLEDcwzPbppmEg
DA:48,1,BL++1eZ8kxWy7YlA2QooXQ
DA:54,1,x0gjRZLItEUPGGaqlBeTTw
DA:55,1,mgrdx9dkJOsZ7QuYV+5Fsw
DA:57,1,DaMV9sqXE6ZpY4Ky7lcr/Q
DA:58,1,sCzdD1Nz2cpdE0olwuPTQg
DA:59,1,M2BpAtlPw5ZT/Ea6pPdcMg
DA:61,1,2qDlVj2UN9x1/XMA4vCNFA
DA:63,1,VEpMS4FyRTE6KmdFDKciBA
DA:65,1,ez+eAFg8Zxu/0CI7wCrOog
DA:67,1,BQWlWgdnG4mnu5PPmr5q/A
DA:69,1,h+T7ilQ8zUppB9H450QzDw
DA:72,1,NM8ZybhVDIWCeLqEr0nm7A
DA:81,1,G+SFP3USoWz6B5CnfwiQQg
DA:87,1,VZuT5GUjBc9PVGhxl13F7A
DA:93,1,29zjJKLnhq6yctBAmUNisg
DA:99,1,61T0Unabo/j2xfq9vPyLnQ
DA:106,1,hwAkqa76hCM8d3Hcf8uIUQ
DA:113,1,JZoxRDuOnrggTVJjuLMDpg
DA:118,1,r6pgOzZ0Z0wcjrRP8eI5cQ
DA:125,1,RgBDyngW2IiO+2Karqsgww
DA:131,1,oOdTMbufbiol8OUWnAG3Pw
DA:132,1,eorNdSJnfCc12gw/02UIIQ
DA:133,1,9M96ziE6MncF6CtgU11SUA
DA:134,1,PifTSTs4cxhqfgucQNr5qw
DA:142,1,zwdqB9LKjHeNgy4PL3uzog
DA:148,1,wcRHQ9jkT/91lX0VFsBtkQ
DA:150,1,Ckwth6HjqGQvL0i56KYNWg
DA:158,1,Qxc+8N5YdR6O+6OJdv5POA
DA:163,1,SknmwVVE/ngtZVsLqykoIg
DA:164,1,uYozyEsuKkwDXlg3JYCA5g
DA:167,1,upMl+LbaivB+SAdHjWzsdQ
DA:172,1,iQLt81WB1FxKqCgS4kMEJw
DA:173,1,WuGAWjB8pVY5T/T9b1txTQ
DA:176,1,XvAqfoOxiODq3eNI3Qh9xg
DA:181,1,4+R8NJ8Ai1pAjKgaW+sGww
DA:182,1,dr052sIjP7l2MJ/7KXBJ7g
DA:186,1,vYbp9zHfeo89+ERK8ySjrg
DA:193,1,Cmhi0ipCQYJ4aOyDgf5deQ
DA:195,1,8peLBrnybiyUan7b4p7Ldg
DA:201,1,tNU3rcXMVKaKLL4ZU4cR7g
DA:203,1,K8wzQUufopX6/DAxm7kibA
DA:209,1,lgnKriSGLMYRPih2SeFebQ
DA:213,1,mNJFBdo8J3PNtO6zsfBS9Q
DA:214,1,uQwM31iuWVR/JuatqnHtQw
DA:217,1,3TCHzRUnT1XXCfNzRBrPdw
DA:220,1,t3Uq/THeAMcPLWR/8zivhQ
DA:223,1,PvT0F7Shvl77xdJi46qE8Q
DA:224,1,FjDNnDMv+8mhj72+Nb6NXw
DA:225,1,L9TLAAyhqCxBdvceZnCFEw
DA:228,1,qCWzUo/kc+LSYcosZZ27wg
DA:231,1,A4cp+z+NdrFIhkxZLq9w8g
DA:233,1,9ZBHAA3Nz5C39hC4P8gusA
DA:236,1,JQ0ODpD3eUxJZPStDshJoA
DA:242,1,KLDt34dcIOts7lEOiV3Xdw
DA:244,1,ORMvmMI+sjI3asCP0GpYtw
DA:246,1,VJ6FvpA5uuUCfeba7cANQA
DA:255,1,9kCnyGuFreOTIjbNQEDaGQ
DA:267,1,CmM34aNc4pMnunLv6R0hyQ
DA:281,1,cr7PmbFzBUIizuhYIPuW/g
DA:283,1,HpJHgfQyX1wNGiRvcc+EnQ
DA:287,1,UXklHNpapKmDqUqtRbdCGg
DA:288,1,FYYg1v8X0bzOnJ00z+Ufug
DA:290,1,izHXOhWFDPzIimVS9TDMeA
DA:291,1,HXlztxgf+OhdcUsHyQg78g
DA:296,1,CQoZPSYrVFyvHCWF0VBBCQ
DA:297,1,3NpS6aTR+N8bi80eL9Tr9g
DA:298,1,qwIUFgW6SVFOlDUNH1mMVw
DA:299,1,BYO5HsrUfhy1ELNh7a/xNQ
DA:302,1,tnKhjgr+qp50MEllGywneA
DA:304,1,dUPAK0D+87/Kafj1qkDFYg
DA:306,1,+YVVd9MIpwOmnrZyknn1nw
DA:308,1,7vsAuOKxJOL5g8u8atFWeQ
DA:312,1,o1FUyrRl/HwC2msc35ADzw
DA:313,1,MnzpXe1veqpfA7nIMRo0OA
DA:315,1,GjA/1eAGvFmyF//bXiLfNg
DA:318,1,CQoZPSYrVFyvHCWF0VBBCQ
DA:319,1,8Ge7PDtX06czk2q7XSzU7A
DA:320,1,K5onleJtoKgWwsQqAfscuQ
DA:322,1,gozUjS1Rw82QbUj5+noypw
DA:323,1,+YVVd9MIpwOmnrZyknn1nw
DA:325,1,2VCHEewMghoTwyfGVK27OQ
DA:329,1,LF2+/e1eJNppkDtZ/FqFyQ
DA:332,1,4O1BGr2eLEGj+msi0kSxrQ
DA:339,1,CQoZPSYrVFyvHCWF0VBBCQ
DA:340,1,8Ge7PDtX06czk2q7XSzU7A
DA:341,1,K5onleJtoKgWwsQqAfscuQ
DA:343,1,+YVVd9MIpwOmnrZyknn1nw
DA:345,1,i+4Oog2YqRxOSvB5wl7rQQ
DA:349,1,usS5zCFc9BMb06veu1D/Dw
DA:350,1,buhyOzpJbDJ83q6n39ZQXQ
DA:351,1,5qeANtmUpZNGkFS1RD0rNg
DA:354,1,/pbuS4gWueSwQ/rNB2rkMg
DA:358,1,cW0EmzdY/VPFUoI+IBzSzA
DA:359,1,1W5L/lB2hQ11WQiuHOikWw
DA:360,1,CdCZW91MHEZcN0qnEccDYg
DA:363,1,Wt2z5FIyHZPe6XE69vPj0w
DA:372,1,UC68oYCWCXs3kSUg2v5F2Q
DA:373,1,tIGPOG/Dg/6IUlCanvkOpw
DA:385,1,4H25Mi36m1LDeVbnc7V4ag
DA:387,1,ufO/zDGyVpqX0rj2NLvrWw
DA:399,1,ZKCGnXZ/I2GynIJIwhbUMA
DA:401,1,TtVaFaBnKbF6kCnSxeO8GA
DA:404,1,e4s53YBUxnzhYJnke2EHng
DA:413,1,sUBdCm7evZe7TpXbX83buQ
DA:415,1,nBNhl8uB6Riv7gRht+4iSA
DA:417,1,fhPvFyIm6LyCC6zJhI76lA
DA:418,1,l9JPsZXx5CfX0vMAq5B3Dg
DA:419,1,KK+pgqoUtb56lcdvdGVlKA
DA:421,1,0h7X6lvHZnKW1e6gHRxfnQ
DA:441,1,ms7xR7oDtpBpCm7W/GIm9Q
DA:442,1,pi10Tn11jyxbJprXO7uPHg
DA:445,1,C8DRENkpbsJZmwEdOMFd5A
DA:454,1,wJJ0pWBsOAfTWU7UmR9r3g
DA:456,1,B1lwHWR+JqWr7/0Al2DpUg
DA:470,1,Ti4k4MvrTHAux5MndtKzOA
DA:472,1,eXu3GohTjmPD7PbJJtlPTw
DA:473,1,DXcLaIZ1w9nUqBPnnxacFQ
DA:475,1,68A9lhnXMu4dyI2UVCgEmg
DA:476,1,8Nk3EpYjAr5vHV5FfWUEwA
DA:477,1,zpXUOere/x5agcJ3X6aa5Q
DA:478,1,RcfMpcwzeu4HIMZ23cG2dw
DA:480,1,CZJnm0O4VvXI2RrXZnUdqQ
DA:491,1,MnzpXe1veqpfA7nIMRo0OA
DA:493,1,WCMAog2zbpJrLAmyZH0gHg
DA:498,1,572TZLuX18cMwLeXNiolhg
DA:508,1,a0Wy77h8SyS+dKNFpKZHGA
DA:515,1,DrPnsA5z0hPq9zEAat15Ag
DA:521,1,GeGXzj2EQXMx41D3GkpXMg
DA:526,1,GeGXzj2EQXMx41D3GkpXMg
DA:536,1,GeGXzj2EQXMx41D3GkpXMg
DA:543,1,w9p0IQIDg3BQ8huJqPkjeA
DA:552,1,GeGXzj2EQXMx41D3GkpXMg
DA:561,1,xcansghTOcKAi4qYaQ4KXQ
DA:562,1,Gy+3PP5ybEKWYvcErKPkHw
DA:573,1,jzCYPzYOO1PwEI3+JkYmug
DA:576,1,0lGIQFEgAf73Ey7dz2mC4A
DA:580,1,hJiGXniTPn+SKzTDHXq+CA
DA:583,1,4tBGJoKQmGA+yVGOUKBNiw
DA:587,1,EN+j+H5adkOmMgG/SQx8og
DA:588,1,QE0yr4ZiLnixV3hITlEz6w
DA:591,1,Os/NjzpN5zeSbyeEF3XDfQ
DA:592,1,HQF6iqI2byoJ96dbWNSgaw
DA:594,1,rH3V2LNtJqshyUG2ZyWtpQ
DA:595,1,q08ROel6PtfdHWQhJiHveA
DA:600,1,67ON9/z04568Aqw8qmWKzw
DA:603,1,Gy+3PP5ybEKWYvcErKPkHw
DA:607,1,A2huWa5L7MTJsc9uCZn7zA
DA:609,1,7rOi0rkS45wii9Ke95sa1Q
DA:616,1,1zn0bX7+7/AKfM/5qn6TvA
DA:617,1,GzVgBkUeGv5FCL8dCa6+GQ
DA:619,1,/8ISVtlxA3fTdN9etot1Fw
DA:620,1,EOoSpHVggUagTZA3Y4uHMA
DA:623,1,djjNkKnjp4cMqbDsPZBwWg
DA:624,1,53T0JoIoZAeycKouxfZLiw
DA:625,1,FS0R3J0f1tMaySd4gbBWNg
DA:629,1,YbuKLXfOfK889Jve4fdLkQ
DA:638,1,25nPJ3mzXMzDJ0zKuzrXBQ
DA:639,1,OMV9h4pux73XrlDSQ1DbgA
DA:641,1,0ZR+1vb+D+2QUZcgH25MDA
DA:643,1,sUx/zFVb9QIep2DA5RwKAA
DA:656,1,3f1TslyZz+H031JzdDDGdg
DA:658,1,YNrQ9Y3v0gxsD0AAronazg
DA:660,1,anCQI08iLLv/ldvjO/KXsg
DA:661,1,gAv0G0gGDxqj/pmMldAtrg
DA:662,1,WSlKEXRWrYCDXJeaNZHuMg
DA:663,1,3l/hwMV+UNwMSMxksgqGTw
DA:664,1,M0YZD3inXNASmVO6WPoUkw
DA:665,1,MnzpXe1veqpfA7nIMRo0OA
DA:667,1,EK+Dzrwo/ANVfwpqdaN53g
DA:668,1,yIoKP7OAnS3hbGTK3oGE8g
DA:669,1,aBkVzZJ5WLyXRfYTW+W+Sg
DA:671,1,L/Ks9hjvaiFn8L19bWcNyQ
DA:672,1,oZkhdD6NH5v2y5Y//zGRMw
DA:678,1,ZFULVxKCWKHH2vtLbcA+tQ
DA:679,1,rNjf9Elr0zy5UL1nFazwzA
DA:680,1,uHNe5p83wEe5gQpSY5mUHg
DA:682,1,p3ynf1AwrqYwefM3lLUmwQ
DA:683,1,ZamuZNVPLGTAIpk7q0qklg
DA:687,1,ERlqQoL0/2F0Ll63o1rp5A
DA:688,1,hl3W5kkLhIkhQ5a+nnotrg
DA:691,1,75VnoDrRux5bzzeJCbViug
DA:692,1,32ZrmOuQravP20TjVeIKXQ
DA:693,1,LHMovxob6Yq+m2TWxokLzQ
DA:694,1,6+yjXnUkhEGGa7yJnrfgOw
DA:697,1,dEMg6fzYQLMSIMBUbnQfgA
DA:698,1,IvUtC33Hs2kONcn+WwZyZA
DA:702,1,FUCbULVN8lmRnebB1Slzcw
DA:704,1,GAzYs5o7S8eI2GyeWRd62A
DA:706,1,2tOu1b2ENw59BmDigVp+nw
DA:707,1,EMr+Z6sYVFcd5pMhuiSiDA
DA:709,1,X5m9oY0j/0nsCWNqjHoT6A
DA:712,1,CCuQpXtlv4jfx9y//VVZig
DA:713,1,gOPK42UVpih5J0F0nc9nAQ
DA:718,1,GYAC5mDEPWmH9DChHcZLIQ
DA:719,1,BrZIclmv9ifB/fM7vJ4OpQ
DA:722,1,zc5RHgxegNUQAFiAPTw29Q
DA:727,1,BU72RJ+iGlhH3q+Q/4Wc/g
DA:730,1,P05zgqFJvPBxxxINPlm2mw
DA:732,1,DWzjoH28NFiTugcBDTVfZw
DA:734,1,WApJmdZqBqB0xS3mH8WiOA
DA:735,1,WWnxZQ6G4nJYZNH0v8lRhA
DA:736,1,aqXKSbb7XjF6Q8Z/PHfpHA
DA:738,1,xXsm9iprRBS6egjWOXvR/w
DA:24,0,YjvQbfqPFJqNIZ4EDaCgwQ
DA:282,0,MnzpXe1veqpfA7nIMRo0OA
DA:330,0,MnzpXe1veqpfA7nIMRo0OA
DA:501,0,T0bJYdtn3hsbMynSOYeCGw
DA:506,0,tf4VLBNtDsKAowgfhevv6g
DA:507,0,sPR5ZipgTGnqPIynXihcXw
DA:509,0,V38XeBcRjUYRhcYsedL0tg
DA:512,0,tf4VLBNtDsKAowgfhevv6g
DA:513,0,nV64AsUW292/vqMNlC+lOw
DA:700,0,PMUunBIhHgTLKbo0gJ1G3A
LF:230
LH:220
end_of_record
TN:
SF:src\BNumMet\Visualizers\RandomVisualizer.py
DA:1,1,MKZymsCiUCSWIIbhlW8n2w
DA:2,1,sOfFPyCkLm4LZKoT2dgYcw
DA:3,1,IWWjrCeOtk8NNtrE95++2g
DA:4,1,zUJFLx9Jga1QIpHvPJzb/g
DA:5,1,OdN0jTChdJUsDUXuqlg/Ag
DA:8,1,NAjiJUAyowU3OGup6yzs5w
DA:9,1,GGRqhUJjynkXWkxicsT5/A
DA:18,1,TkxkEvq5nx8uFsD9LVLiuw
DA:19,1,5z7KwGej/mCk4h/qi5Oi1Q
DA:20,1,8/1SNROaxip9NN/54QMhKA
DA:21,1,Br4wkP7V0235D4l3S2rN8A
DA:22,1,RMI4sK7O9htuJiGh2tON5w
DA:23,1,KxuKwc9SUdCPKcM7kcqGrA
DA:25,1,G+SFP3USoWz6B5CnfwiQQg
DA:31,1,RPXxnSbU1JbXBtQMl8yB6g
DA:33,1,S0G3wJRoMOruB/vQ3PU5CQ
DA:34,1,t/H/UzmYnFTCvADusCd8PQ
DA:35,1,9M96ziE6MncF6CtgU11SUA
DA:36,1,PifTSTs4cxhqfgucQNr5qw
DA:43,1,tlhGjCMVgTv9fZ6v5eBEvw
DA:50,1,0Lclv7jX0eTZlmoAz2M5LA
DA:56,1,zLAqmEb/XLvUioxsaY0NbQ
DA:58,1,/Ho72OCHjeKIXWZAyIJlAw
DA:59,1,NR7W02lLlWnCLDVRBHcneA
DA:60,1,rZ+ueqXAzcyt691eQZS6vw
DA:61,1,UlifVwofiNWQ4e83xMHvqg
DA:62,1,LNOFzS8LMoEudafTX7qEwg
DA:64,1,J9SgWm0QOi4EJ8+2qbzpPQ
DA:71,1,q7rYSO8yzTg1ygz5dkAOPw
DA:74,1,Uq19K/hGqHM2vE2jiBqnDQ
DA:81,1,owkCwMB6fOp6Se85jDGRwQ
DA:85,1,oXAT7wYv3T2zzzVfHFheLQ
DA:86,1,2FEQZ0Rgeo5guw2ACUoaMA
DA:87,1,1DFYmHstwkAX0nJUHCiz4A
DA:88,1,CxWK49A8DFj16jmqCfewGg
DA:91,1,JPOC9tUNl4OLtfMUQX2xqw
DA:98,1,5psPqT2Xg7ZYHBFwpf4V4w
DA:99,1,eYHUGYq4qXSZoUp3Y3USrw
DA:102,1,nTAaPYOS0QKygOPh5rNkFw
DA:109,1,NqxOALKJCtw+fo/tPeCJjw
DA:110,1,D5NKMZjerVewK7Pj9zGs8w
DA:111,1,u9BEPEBtGD4wYscNR23VZw
DA:119,1,qEvg4xpe+C8myNBc4i9TgA
DA:122,1,LxTJi/v70u9wp+uLdDiXfQ
DA:130,1,iashRP/jANwsgz8ecVJSaA
DA:134,1,hfGYAJZO81JBHkLOolUXrA
DA:144,1,S2iAi9qdJ7Yi48mw6xssxA
DA:152,1,O4YhhiCbtUbXSJ2nLV63fA
DA:154,1,y4WwUrNgIjCj8ufiu8n0nQ
DA:161,1,DPtXyeHsv+gJyER9pgeQdQ
DA:162,1,JlieO3+SgGC42AFGDU0N0Q
DA:163,1,QzIqjzU0h2OPp+FSSeKE7A
DA:164,1,zUVgYh+zfELJ7QuaAxYgDA
DA:166,1,8LNWo0BI/udHwpD2e+adnw
DA:168,1,jsf2iM6VZTT6Pq3npymxDg
DA:172,1,TJ3WiKBjTIQlQNpNTN2xtw
DA:173,1,UiQkRtg8pKQiRNZ7OOScDg
DA:174,1,9q4jT0PtvEELV4cyoG5/lg
DA:176,1,jjharLJyQYAdYgXTwq/Mqw
DA:180,1,EBULrlL+OgJXyjZs9vsU6w
DA:181,1,RMI4sK7O9htuJiGh2tON5w
DA:182,1,5z7KwGej/mCk4h/qi5Oi1Q
DA:183,1,8/1SNROaxip9NN/54QMhKA
DA:184,1,KxuKwc9SUdCPKcM7kcqGrA
DA:185,1,opEK2qzcfTrce5H/7ZJTVw
DA:186,1,vWkPBLkxFLib0+GXxbSm6g
DA:187,1,72+Y2VAuy3vq32muYV5qww
DA:188,1,ZGlYzcLurxAyKU+qLqQ0Sg
DA:189,1,zD6I1KjkrcXlvpupM5Y4AA
DA:190,1,s1DpFYNRMYGcn1VJif6paA
DA:192,1,fH1NDE0htBR3V+QHimI85w
DA:193,1,i8no9ZPK7ykx2RHKMC/y5w
DA:194,1,fBZBSDJNP6b/4mryB5zs0g
DA:195,1,vMerlbXYHuqgQcLUXfvWGw
DA:197,1,eXrp3KhluxhBuuWJMO7UTA
DA:198,1,JVta1TT4p88DTIK5HLo5qQ
DA:199,1,q5cvsDw+U8m1U9Yz3vo1Ag
DA:200,1,+7RbRdaKsNzfP9Vrh0i1ig
DA:202,1,ME3BgxchzyhbQI6Fgox4Pw
DA:203,1,vAsRUgTk7XJxhLqJwAR6hg
DA:204,1,IjLaf0KcWqVIBjgN/qhXhg
DA:205,1,jjPAgKrXDnQdFZ8Lqgh28Q
DA:207,1,48yjb7Tu0wtlAPEFQ0EBsA
DA:209,1,gq070CQg8FE70uVN45Njdw
DA:213,1,vez9xvNRRXY+WqHPdEHgWQ
DA:214,1,8UxoHX2JC+Qy6VfaZ4qNRA
DA:215,1,ocziZvgYbomNwPcy0/IfLg
DA:216,1,IlCPo0fnTUAHCGkhXqg2ew
DA:217,1,923gD7EgisiRtl+hGU9r0g
DA:218,1,OSVm6pdk/fpvWfzdmhoMqA
DA:219,1,j/6II9lXXiX4kMNxhTuozA
DA:222,1,k6OYvImGitcQXpLsjBmKNA
DA:225,1,OI0bkZqDFfbrrpog8rlPMQ
DA:226,1,q5zuKbQbov8au+dK8z22BA
DA:228,1,bHSxmODyocSbNxBTg2vUOQ
DA:229,1,9gpw4kqVwWHPmM2/BFDLWg
DA:230,1,kRQODQeg7wJET5Ft9WD8cg
DA:232,1,0+G2HZsMZpS47uJVjZ+rZw
DA:234,1,YbuKLXfOfK889Jve4fdLkQ
DA:238,1,oOmdGIdeNl7UdCI7Gy23oA
DA:239,1,0ZR+1vb+D+2QUZcgH25MDA
LF:101
LH:101
end_of_record
TN:
SF:src\BNumMet\__init__.py
DA:1,1,Snr01PTn3D+lmvcmqMgSOA
DA:3,1,59fUIdHyr+dVUgpbraa3kg
LF:2
LH:2
end_of_record
TN:
SF:src\BNumMet\module.py
DA:1,1,IWWjrCeOtk8NNtrE95++2g
DA:4,1,DpZMF/Gk1/cOHJGsCwnnxA
DA:19,1,Tk5yxbtsgP0wq/7BOw8rUA
DA:22,1,UkpXCOwQ+xJS3+OtUCGdjA
DA:24,1,RbNyuVPHS50ARmTYA/dygw
DA:27,1,/QLmELznE4Pr0SVggYhsxA
DA:30,1,AexTfISHsWDuRw3/PziRhQ
DA:33,1,Tr5y19Sd/Tm4BiNUNv9vng
DA:51,1,mBTE3O1ULkpF/gntrP+CkA
DA:52,1,4t5iXXwTe9KInScJbQsIYw
DA:53,1,l5aJ5J++lNmUz38iFOTptA
DA:54,1,y0a1dkSZMXPABBnf9PShXg
DA:55,1,eQtvo6xOUk0O/FPnPvGd0g
DA:57,1,JdwBHwkkvxvA/XdpmqWaWA
DA:60,1,0Xf0W1uneegmk0BLCUb9xQ
DA:61,1,XcbMUaophF/fOt8dVHKAjw
DA:70,1,AexTfISHsWDuRw3/PziRhQ
LF:17
LH:17
end_of_record
TN:
SF:tests\__init__.py
DA:1,1,mUDsnWRiqW9R9nTILGKIZg
DA:2,1,6EqVyswJtxIE+9LVqyxOlA
DA:3,1,7Z9Lj4ed27Wf2hBX6jooEA
DA:4,1,IWWjrCeOtk8NNtrE95++2g
DA:5,1,E/tvV9JPVDhEcTCkgrwOFw
DA:6,1,jutN7sSIVzG7+IOgZLkALQ
DA:9,1,CKoMXMB8Xv5ZC6iTILRdvA
DA:34,1,xQVNdxAJxuGw1z9RcZmDQw
DA:10,0,WPZpXVsJ2RccsMA2VePhBg
DA:11,0,kxJxpEbeySFktjfJHhCl3g
DA:12,0,UUOZReDOEJAnOXGgU7LzJA
DA:13,0,Ne3BnOf/fwUSZVAAsmeopQ
DA:14,0,a4zwB9KtAPMXJHPeFLJl4g
DA:17,0,j/SCBsZ/HBBg37EY30j0GQ
DA:20,0,TMG7fbHUJt/09yeCJAn/5w
DA:35,0,2loYFqKsWTLg8EsfxY4sxw
LF:16
LH:8
end_of_record
TN:
SF:tests\test_General.py
DA:1,1,3ijn/dNPscvvyHsHyPyRcA
DA:2,1,6EqVyswJtxIE+9LVqyxOlA
DA:5,1,xewWsMg3uUx/fFasikcknA
DA:6,1,fJIlSIIWn/n04lLGXn4mVQ
DA:7,1,BI14z1SMfEkLzf1LlG0uqw
DA:9,1,fZv2bRJ6TUY/B0kANWGorw
DA:11,1,BrEyTYCkd4JYHI4JvhAmXg
DA:12,1,K8zPkJC4/tXpifoRlGdH+w
DA:14,1,PQExAzpRyjFnzrRaWJN/Fw
DA:16,1,cTspT8808RIyzKpPl2D7tA
DA:17,1,6HS5MUStAVl0dh/IGY3I+g
DA:19,1,FKbj+r9K21nr7zo92xKfpA
DA:20,1,TcDRSX6EOoiEFq8d11xVsg
DA:21,1,1hZ7CGLFnJwTMVB/9M4wUA
DA:23,1,XHeGmFWMNRFws/YYftID5Q
DA:24,1,cL2kpglcdXa4Xk71BZeoWw
DA:26,1,WGN39YEAKveoC3yBv+/cXQ
DA:27,1,HlxfmXmMJ6oRPUQxGivoJw
DA:28,1,A1I9ctvBHqJvNgR9N2tXjQ
DA:29,1,lZoYLEmSEtXl7OKNMnuSzg
DA:31,1,LZauxcwC03YvGP61bqSD3A
DA:32,1,/XO+PvWfpnV0aPsRNrqtjg
DA:34,1,ASrTtguxSKIzT6uco+60Rg
DA:35,1,k/rVF7V1MryDttT3qvZpww
DA:36,1,zJ34vKjCVagIpb2wgP3Q/A
DA:37,1,redXy8YJAUmqnXSxmQgScg
DA:38,1,857Ej8cxizpTxX/MsgvsSA
LF:27
LH:27
end_of_record
TN:
SF:tests\test_Interpolation.py
DA:1,1,3ijn/dNPscvvyHsHyPyRcA
DA:2,1,6EqVyswJtxIE+9LVqyxOlA
DA:3,1,ZKcxIdhvrVjF78XcabCCLw
DA:4,1,ZKVyw89G+3CzajYoSnDzMw
DA:5,1,DMaMX0UMHGtYp2hQSXtdxA
DA:6,1,IWWjrCeOtk8NNtrE95++2g
DA:9,1,FEsgDPQK87ojFAXBwmpmqA
DA:10,1,kuBKBCChb6c8Csi70W0hlw
DA:14,1,GQRryBdOv54th/7AnCcM7g
DA:15,1,/f1m2GUzOkQV/3GFbmBjKg
DA:16,1,JEdMUqssz/XYpXx2KVjyFw
DA:17,1,uaAM6GYlHdFS8+UHTYp2VA
DA:18,1,DRCXDTeKgqFT91nueXaj0g
DA:19,1,jcp7E5tKtl1pEu75OhkXGw
DA:21,1,VG0FCyECPY32OtA+KeIQbA
DA:25,1,2JUWxKqe8E0hR8FGd6MbyA
DA:26,1,bMpGhyhzrbO4AQCaEH6meQ
DA:27,1,iQ3BIEs6vI6lFQ9mwcL5Vw
DA:28,1,uaAM6GYlHdFS8+UHTYp2VA
DA:31,1,Lz3526wWoV/BzONn0zmcBA
DA:33,1,A4ndgQJHaEHwUlgzZPKYYA
DA:35,1,vy2/SCrBqHz9hIKfB6zoDQ
DA:38,1,fV4LKtCuyC4JMs/hM3kqrQ
DA:39,1,kuBKBCChb6c8Csi70W0hlw
DA:43,1,GQRryBdOv54th/7AnCcM7g
DA:44,1,/f1m2GUzOkQV/3GFbmBjKg
DA:45,1,+03Xd8WT2Ly+kZKYO9iN8Q
DA:46,1,bY6RxJG3ZtiYHVDAOuH8Yw
DA:48,1,nIkH56Txh25MthypoLxOoA
DA:49,1,xi+fFnxFvBmQiLMPcJoKUg
DA:50,1,/EU3Ur2Zpdd/HfVK9d91hg
DA:51,1,Vf2CQdgRgVlScp/vAjZE0w
DA:53,1,VG0FCyECPY32OtA+KeIQbA
DA:57,1,2JUWxKqe8E0hR8FGd6MbyA
DA:58,1,Peb40Rpes1lDchJBfVPdnw
DA:59,1,iQ3BIEs6vI6lFQ9mwcL5Vw
DA:60,1,a3BKW9JIXOzROQzJ3z3RYQ
DA:65,1,Lz3526wWoV/BzONn0zmcBA
DA:67,1,A4ndgQJHaEHwUlgzZPKYYA
DA:69,1,H2MNqE0swulsfl56VAJl5Q
DA:71,1,DLX1zPC2CfGrfWtlZYYpyg
DA:75,1,2JUWxKqe8E0hR8FGd6MbyA
DA:76,1,Peb40Rpes1lDchJBfVPdnw
DA:77,1,iQ3BIEs6vI6lFQ9mwcL5Vw
DA:78,1,kabYy8s3XtkMWFsxmLw5NA
DA:81,1,Lz3526wWoV/BzONn0zmcBA
DA:83,1,A4ndgQJHaEHwUlgzZPKYYA
DA:85,1,4xNTkam6yBuBbx6HOzdzxw
DA:88,1,QmIh5w30g/LP3a+s19HG3A
DA:89,1,kuBKBCChb6c8Csi70W0hlw
DA:93,1,GQRryBdOv54th/7AnCcM7g
DA:94,1,/f1m2GUzOkQV/3GFbmBjKg
DA:95,1,+03Xd8WT2Ly+kZKYO9iN8Q
DA:96,1,BzHRrWZJo3xS4R9y0aHtaw
DA:98,1,nIkH56Txh25MthypoLxOoA
DA:99,1,xi+fFnxFvBmQiLMPcJoKUg
DA:100,1,/EU3Ur2Zpdd/HfVK9d91hg
DA:101,1,Vf2CQdgRgVlScp/vAjZE0w
DA:103,1,VG0FCyECPY32OtA+KeIQbA
DA:107,1,2JUWxKqe8E0hR8FGd6MbyA
DA:108,1,Peb40Rpes1lDchJBfVPdnw
DA:109,1,iQ3BIEs6vI6lFQ9mwcL5Vw
DA:110,1,6WeMYN6LhxMNcUHwKWMjow
DA:115,1,Lz3526wWoV/BzONn0zmcBA
DA:117,1,A4ndgQJHaEHwUlgzZPKYYA
DA:119,1,H2MNqE0swulsfl56VAJl5Q
DA:121,1,DLX1zPC2CfGrfWtlZYYpyg
DA:125,1,2JUWxKqe8E0hR8FGd6MbyA
DA:126,1,Peb40Rpes1lDchJBfVPdnw
DA:127,1,iQ3BIEs6vI6lFQ9mwcL5Vw
DA:128,1,mEaeKrqbbU6CoVon4Wt/uA
DA:131,1,Lz3526wWoV/BzONn0zmcBA
DA:133,1,A4ndgQJHaEHwUlgzZPKYYA
DA:135,1,4xNTkam6yBuBbx6HOzdzxw
DA:138,1,BZHAcPsIBJAZM3UzlySWXg
DA:139,1,kuBKBCChb6c8Csi70W0hlw
DA:143,1,GQRryBdOv54th/7AnCcM7g
DA:144,1,/f1m2GUzOkQV/3GFbmBjKg
DA:145,1,+03Xd8WT2Ly+kZKYO9iN8Q
DA:146,1,Qq9tAy5ux8/OY9cnXUDhug
DA:148,1,nIkH56Txh25MthypoLxOoA
DA:149,1,xi+fFnxFvBmQiLMPcJoKUg
DA:150,1,/EU3Ur2Zpdd/HfVK9d91hg
DA:151,1,Vf2CQdgRgVlScp/vAjZE0w
DA:153,1,VG0FCyECPY32OtA+KeIQbA
DA:157,1,2JUWxKqe8E0hR8FGd6MbyA
DA:158,1,Peb40Rpes1lDchJBfVPdnw
DA:159,1,iQ3BIEs6vI6lFQ9mwcL5Vw
DA:160,1,t4f7tL29u0zyEeW4Jce66A
DA:165,1,Lz3526wWoV/BzONn0zmcBA
DA:167,1,A4ndgQJHaEHwUlgzZPKYYA
DA:169,1,H2MNqE0swulsfl56VAJl5Q
DA:171,1,DLX1zPC2CfGrfWtlZYYpyg
DA:175,1,2JUWxKqe8E0hR8FGd6MbyA
DA:176,1,Peb40Rpes1lDchJBfVPdnw
DA:177,1,iQ3BIEs6vI6lFQ9mwcL5Vw
DA:178,1,m20WAf/01/oshMAlLecZAA
DA:181,1,Lz3526wWoV/BzONn0zmcBA
DA:183,1,A4ndgQJHaEHwUlgzZPKYYA
DA:185,1,4xNTkam6yBuBbx6HOzdzxw
DA:188,1,n+Blk8EisBl7S70Kuvf3ZA
DA:191,1,mU0xMxVWCE6ya4SZeQPQIw
DA:192,1,xjcDBnSwra0OiNOAYAwoHA
DA:193,1,ZCigiidtk3BaOBKS24QW4g
DA:194,1,TulZRDVyZgwaluSyPp9m8w
DA:195,1,B+ZJQ8zBxPMiDZhsnR0Fag
DA:197,1,E5IZ6Q0aJYjw19nte1ArVA
DA:198,1,X0iVtldSB8mwx0e592lmGw
DA:199,1,EUormVqtpIAK5wypyvOkKg
DA:201,1,cLEM/rlKTlwXvaVDiCWbfw
DA:202,1,udgcMw8+eiOLjKPemNE58w
DA:204,1,hIxLYV9LW/yfM4UGbBPkQQ
DA:206,1,XKQTYh6pkZp0XRqAT/N1tA
DA:210,1,E5IZ6Q0aJYjw19nte1ArVA
DA:211,1,X0iVtldSB8mwx0e592lmGw
DA:212,1,EUormVqtpIAK5wypyvOkKg
DA:214,1,uMyUTJPy3OBszud6xLj8AQ
DA:215,1,ttUOU1peMoa6rCONYhdD3g
DA:217,1,uFXn2w+InsyZfwI7TcZCuA
DA:218,1,wMJ4czNYU/Lq591Jx98hPw
DA:219,1,KbowS9rWjNQmIKef/zKq5A
DA:221,1,IIcZ0lIysBDcePyTZEIEjw
DA:222,1,1xJGxyEGgIGmNUFMK20RYQ
DA:224,1,RchcwZbxJVEeDbQV25SqAA
DA:225,1,YInBR2yzmU/0XKpb+vZ2mA
DA:226,1,yt/s2Q3D/3mrPIXxqw/o0w
DA:228,1,tP+UFhgc0p88v9y3FA17uw
DA:229,1,D/cuRpHPqkckdUSLU+0vfg
DA:231,1,wnDLkbBVuDzbBibh3dTLTA
DA:232,1,1xJGxyEGgIGmNUFMK20RYQ
DA:234,1,kPOEOctkI+ijA1IlNM506w
DA:235,1,nutL04fCKnSjeayvZC+HDA
DA:238,1,EQGz9wOhY0LrjOgR671v/Q
DA:241,1,u7y/okH/yNEJys/WTfk8Yw
DA:244,1,acMeSotBV6QL/ojn6HNxAw
DA:250,1,EQGz9wOhY0LrjOgR671v/Q
DA:253,1,u7y/okH/yNEJys/WTfk8Yw
DA:256,1,acMeSotBV6QL/ojn6HNxAw
DA:262,1,u7y/okH/yNEJys/WTfk8Yw
DA:265,1,WDYEadaFpIknS6zE/5uf/Q
DA:267,1,PPzKZrsEru7sAZG4xT+pnw
DA:268,1,1xJGxyEGgIGmNUFMK20RYQ
DA:270,1,kPOEOctkI+ijA1IlNM506w
DA:271,1,nutL04fCKnSjeayvZC+HDA
DA:274,1,EQGz9wOhY0LrjOgR671v/Q
DA:277,1,u7y/okH/yNEJys/WTfk8Yw
DA:280,1,acMeSotBV6QL/ojn6HNxAw
DA:286,1,21XjO4mi3taZ9ccEvJR2rw
DA:287,1,EQGz9wOhY0LrjOgR671v/Q
DA:290,1,u7y/okH/yNEJys/WTfk8Yw
DA:293,1,acMeSotBV6QL/ojn6HNxAw
DA:298,1,K8PNeF+gCPfYroZvHoqk0g
DA:299,1,1xJGxyEGgIGmNUFMK20RYQ
DA:302,1,7+rso6W7YOmZpwbkhdeLAg
DA:305,1,98x2YAdI460F4PWjDVDBHw
DA:306,1,HMzarc6P6gWuW8iBD/zjUA
DA:307,1,Gi/fsnqfXwPW2H6NSapHRg
DA:308,1,acMeSotBV6QL/ojn6HNxAw
DA:314,1,VfzD4/nC/VHwyDGS6n8tIQ
DA:315,1,7+rso6W7YOmZpwbkhdeLAg
DA:316,1,1BxwKUEQ5cNORsF+R9tCAQ
DA:317,1,UX0tMS+HJ9qbYWix9fdUog
DA:318,1,acMeSotBV6QL/ojn6HNxAw
DA:323,1,9ymEIWJVDbkRP8Qm+Utvmw
DA:324,1,1xJGxyEGgIGmNUFMK20RYQ
DA:326,1,hW6pX51QX0RGYqGAObDRtA
DA:327,1,acMeSotBV6QL/ojn6HNxAw
DA:332,1,HUZGQ3k249gzxncKWJ05gA
DA:333,1,acMeSotBV6QL/ojn6HNxAw
DA:338,1,f+/cg1qNew8lJPM7WF0ScQ
DA:339,1,1xJGxyEGgIGmNUFMK20RYQ
DA:341,1,kPOEOctkI+ijA1IlNM506w
DA:342,1,nutL04fCKnSjeayvZC+HDA
DA:345,1,EQGz9wOhY0LrjOgR671v/Q
DA:348,1,u7y/okH/yNEJys/WTfk8Yw
DA:352,1,9Si7i35bgYcGH68icO81Sg
DA:354,1,acMeSotBV6QL/ojn6HNxAw
DA:359,1,/5Vr9QnXr4wqJBYrhzIh7g
DA:360,1,1xJGxyEGgIGmNUFMK20RYQ
DA:363,1,DwHy5mXkDvEotkYEY29jzg
DA:364,1,acMeSotBV6QL/ojn6HNxAw
DA:370,1,HMzarc6P6gWuW8iBD/zjUA
DA:371,1,DwHy5mXkDvEotkYEY29jzg
DA:372,1,acMeSotBV6QL/ojn6HNxAw
LF:184
LH:184
end_of_record
TN:
SF:tests\test_LeastSquares.py
DA:1,1,mUDsnWRiqW9R9nTILGKIZg
DA:2,1,7Z9Lj4ed27Wf2hBX6jooEA
DA:3,1,3ijn/dNPscvvyHsHyPyRcA
DA:4,1,E/tvV9JPVDhEcTCkgrwOFw
DA:5,1,IWWjrCeOtk8NNtrE95++2g
DA:6,1,ZRjH5uaRFYEVXR0SpJ4NIw
DA:8,1,0iLRcqr7viF15S3W31rQ5g
DA:11,1,LNkxsiisOyjULAidw824OA
DA:12,1,Aj3g/o0Tg55YihZud0lJEg
DA:14,1,60LsJF6OGJmwARwBbt9pIQ
DA:15,1,acMeSotBV6QL/ojn6HNxAw
DA:18,1,acMeSotBV6QL/ojn6HNxAw
DA:22,1,cY8SUvjqIeJQLmHVzEL41g
DA:24,1,TJAcJLCS8qSNqMC0+5AuZg
DA:25,1,xh34FW243ouIpVsSs5CaRw
DA:26,1,fB3r2twveBdTxeKhTF6GDA
DA:27,1,USgw7OBiWlXjOh/fOWasQw
DA:28,1,kqVE1eJhr0pCk0Xw2BYMsA
DA:30,1,70DiuzAl7tYSvQ6lil9b1g
DA:32,1,TJAcJLCS8qSNqMC0+5AuZg
DA:33,1,OES/tH6HZXMjAmfV4kVucw
DA:34,1,7zIOx3zyD3e5wJkj0z/kTw
DA:37,1,Hry6e6aOHt/76ZFVHLmwDA
DA:38,1,+mhqoGspd7ELr3DJYPG6WA
DA:39,1,7zIOx3zyD3e5wJkj0z/kTw
DA:41,1,sPnhPOalFapTYOJAj6my0w
DA:43,1,60LsJF6OGJmwARwBbt9pIQ
DA:45,1,Em41BCUwqZpXBbSYyiGF2g
DA:47,1,vcUbu7IfdxAsk0q/qmvRjA
DA:49,1,60LsJF6OGJmwARwBbt9pIQ
DA:50,1,Em41BCUwqZpXBbSYyiGF2g
DA:52,1,7S0NkISQVfvt1Tp8g5NvDg
DA:53,1,acMeSotBV6QL/ojn6HNxAw
DA:58,1,ZDTww5ETYEJVH7zYHgYk6g
DA:59,1,cHr8Z4ktnugXqRnEuf5O+w
DA:61,1,KSL/nYKRyTzgYVWFTi6hNQ
DA:62,1,acMeSotBV6QL/ojn6HNxAw
DA:66,1,JD2xyDdJmSiy7tVXLnGTSA
DA:68,1,60LsJF6OGJmwARwBbt9pIQ
DA:69,1,Em41BCUwqZpXBbSYyiGF2g
DA:71,1,hDW4MFqiUPfzKcGVIgT7kA
DA:72,1,iIC3cvhxivrbnjoBOzOMtw
DA:74,1,OUYiV9ZZE6CGK9Voc4rBtg
DA:76,1,60LsJF6OGJmwARwBbt9pIQ
DA:77,1,Em41BCUwqZpXBbSYyiGF2g
DA:79,1,NftGdRqFZ33qHvWDWpHIEA
DA:80,1,acMeSotBV6QL/ojn6HNxAw
DA:84,1,G2HPs6iH7USgUJ6vEA/AlA
DA:86,1,60LsJF6OGJmwARwBbt9pIQ
DA:87,1,Em41BCUwqZpXBbSYyiGF2g
DA:89,1,KH4aPIwMmdq0peOQKzOcaQ
DA:90,1,acMeSotBV6QL/ojn6HNxAw
DA:95,1,ZyMh6V9IyiHLZ2XaDKhBxQ
DA:96,1,ANE3VsN1jeCSto2hBq40bg
DA:98,1,37XjYFzXC5rA/swoFPCG6A
DA:99,1,acMeSotBV6QL/ojn6HNxAw
LF:56
LH:56
end_of_record
TN:
SF:tests\test_LinealSystems.py
DA:1,1,7Z9Lj4ed27Wf2hBX6jooEA
DA:2,1,mUDsnWRiqW9R9nTILGKIZg
DA:3,1,E/tvV9JPVDhEcTCkgrwOFw
DA:4,1,ZRjH5uaRFYEVXR0SpJ4NIw
DA:5,1,3ijn/dNPscvvyHsHyPyRcA
DA:7,1,IWWjrCeOtk8NNtrE95++2g
DA:8,1,6EqVyswJtxIE+9LVqyxOlA
DA:10,1,Mgtzr8uC34o/trBwwmfIGw
DA:20,1,xpZtKhkfx+I8iXn1VRegQQ
DA:23,1,ba5A0dhz/5J/g1D3HM7Wqw
DA:24,1,vnq8h0lP3B2MZfN37ju8ug
DA:28,1,OmHkAXWyU+imCLoTurFK2g
DA:29,1,6rE1e/AaU18FAmXNTogOAw
DA:31,1,KprqoHuYkDj1S15+mZN+VQ
DA:32,1,Hnl8dUTli+xPlGsm0MvhEw
DA:33,1,Jj4+JEdv//9Gbz+rbQApEQ
DA:35,1,orDvGjN2j0cae+VolmQxbQ
DA:37,1,DVKIXnzLovhO3TFE4QXRag
DA:41,1,Rz2bn64JMpSU3e9lG6OZBw
DA:42,1,6rE1e/AaU18FAmXNTogOAw
DA:44,1,a/I/ffyuYne7+gc6AFRnbQ
DA:46,1,1gIuiGEjO7Ie7I0Pcl14LA
DA:51,1,49YrfH/5OvTOueCdGkSgbA
DA:52,1,6rE1e/AaU18FAmXNTogOAw
DA:54,1,a/I/ffyuYne7+gc6AFRnbQ
DA:56,1,BGrhD7a0OuaotSlpRprjrw
DA:60,1,J3t+QV789jdC8XlBxLq0eg
DA:61,1,tP+UFhgc0p88v9y3FA17uw
DA:62,1,74zYNPloAHthvDVXOuhBWg
DA:64,1,tcji1Mw3ovHFVyh0BLVfDQ
DA:69,1,OmHkAXWyU+imCLoTurFK2g
DA:71,1,Q6TicAQn3YNnZK82Jdlluw
DA:72,1,C5fYGeAuCZoL2tP2TzcDSg
DA:75,1,acMeSotBV6QL/ojn6HNxAw
DA:80,1,DseYZDEhn6BIlsLiqRTHfQ
DA:84,1,/s3xNmWaZrWhyQNXmlyFnw
DA:89,1,OmHkAXWyU+imCLoTurFK2g
DA:90,1,Q9+VznyBKpWqxM4M37X0FQ
DA:91,1,bNbsFOLIoc6UHSn7zyWUag
DA:92,1,hjIjhwt+04QU34S3Rg9QEg
DA:94,1,mbF1PyWJ3/1Cg2NU8tmONw
DA:95,1,4Uu1m8LS+J8dbbGHJDCuCg
DA:96,1,Qtd3AdB6aOXjnDMtKW1MrA
DA:97,1,zffir97A76eqoFoCDFcmnw
DA:100,1,AjasbeVUWzYzbK2nXa9etg
DA:101,1,C8V5G/9koACPidGR+Zo6mw
DA:102,1,e2B+Q7n1nAGWxjSDRbnhrA
DA:104,1,QIUyaIHvJqF+jgHed1oI3g
DA:109,1,AhQrcd51dXyRrYZ3nUar4Q
DA:110,1,Q9+VznyBKpWqxM4M37X0FQ
DA:111,1,bNbsFOLIoc6UHSn7zyWUag
DA:112,1,hjIjhwt+04QU34S3Rg9QEg
DA:114,1,LO6xsofSFMWfM/p4q6hObQ
DA:115,1,Bq+yH1wxkipSZaWemvRLzg
DA:117,1,X6Xf5VgDA+DkmUSWnbf+8g
DA:118,1,Q9+VznyBKpWqxM4M37X0FQ
DA:119,1,bNbsFOLIoc6UHSn7zyWUag
DA:120,1,hjIjhwt+04QU34S3Rg9QEg
DA:122,1,LO6xsofSFMWfM/p4q6hObQ
DA:123,1,ceiBSyjlwShPkGBVhhyBmQ
DA:124,1,4Uu1m8LS+J8dbbGHJDCuCg
DA:125,1,z3rRmZIAX03AU1/8qcLNCQ
DA:126,1,bT9oGtOESN9ST4n7pMpb6A
DA:127,1,AjasbeVUWzYzbK2nXa9etg
DA:128,1,QZNH/n9rscZWxAmuFq8VuQ
DA:130,1,ZKCm60MTBWp6wdeHX/i2lg
DA:131,1,Q9+VznyBKpWqxM4M37X0FQ
DA:132,1,bNbsFOLIoc6UHSn7zyWUag
DA:133,1,hjIjhwt+04QU34S3Rg9QEg
DA:134,1,ceiBSyjlwShPkGBVhhyBmQ
DA:135,1,4Uu1m8LS+J8dbbGHJDCuCg
DA:136,1,z3rRmZIAX03AU1/8qcLNCQ
DA:137,1,bT9oGtOESN9ST4n7pMpb6A
DA:138,1,AjasbeVUWzYzbK2nXa9etg
DA:140,1,hNQXfMdGN+rK77OGrhginw
DA:142,1,94jE17Gtp8eKoE4rHjEUNQ
DA:143,1,Q9+VznyBKpWqxM4M37X0FQ
DA:144,1,bNbsFOLIoc6UHSn7zyWUag
DA:145,1,hjIjhwt+04QU34S3Rg9QEg
DA:146,1,ceiBSyjlwShPkGBVhhyBmQ
DA:147,1,4Uu1m8LS+J8dbbGHJDCuCg
DA:148,1,z3rRmZIAX03AU1/8qcLNCQ
DA:149,1,bT9oGtOESN9ST4n7pMpb6A
DA:150,1,AjasbeVUWzYzbK2nXa9etg
DA:152,1,IE0gAfElyMEvav3q3Le67A
DA:154,1,ewwOd0FKrOi5xzc5fNfFWQ
DA:158,1,f4/Us4m2bm2hDF5GHqLJhA
DA:159,1,A2db/6ID2tMZhuQptzTVOg
DA:160,1,2RHV90Ug+qDjepcJyPNQiQ
DA:162,1,kR6Rq7d1IBy2P5fi/RHmow
DA:164,1,0KlOEXXvmle2quQ+IoktOQ
DA:168,1,inGX76JBO/aZyGLeDBFSjg
DA:169,1,A2db/6ID2tMZhuQptzTVOg
DA:170,1,DdzHCmK85WjTQ0JTcUS9JQ
DA:172,1,YFN9pGHNTuwN/Hfw5Amc+A
DA:174,1,wwPLyK9vko7ZxTXQJ8jqDw
DA:178,1,f4/Us4m2bm2hDF5GHqLJhA
DA:179,1,hKKwxmSCjiaSdRtkhRJOww
DA:180,1,yYopi8L6hAGFoe5iTAd4rQ
DA:182,1,yT9H93G7mh3Y01bLIitjbA
DA:183,1,h+OW1AY081NZFDqCPHG/tw
DA:186,1,f4/Us4m2bm2hDF5GHqLJhA
DA:187,1,RzcVoBOLVejG/sf1KL2jQw
DA:188,1,yYopi8L6hAGFoe5iTAd4rQ
DA:190,1,KUN24n0t4q9gn2AYDqxDLQ
DA:191,1,UUVBAUSCfWvxVULN1bNLvA
DA:194,1,Wka/0T+0gjsSPDJ5WqnG7w
DA:195,1,A2db/6ID2tMZhuQptzTVOg
DA:196,1,yYopi8L6hAGFoe5iTAd4rQ
DA:198,1,isnA61MKVft/HKkbT+IVuQ
DA:199,1,UUVBAUSCfWvxVULN1bNLvA
DA:202,1,lT06jP642CAxJJ+ZP8xxpw
DA:203,1,A2db/6ID2tMZhuQptzTVOg
DA:204,1,yYopi8L6hAGFoe5iTAd4rQ
DA:205,1,71IYViuMFGe0S3SLfoxJtA
DA:206,1,UUVBAUSCfWvxVULN1bNLvA
DA:209,1,XinEumhmEtoxoKpgPMcVEg
DA:210,1,hKKwxmSCjiaSdRtkhRJOww
DA:211,1,yYopi8L6hAGFoe5iTAd4rQ
DA:212,1,NCyklwIn18Z7gZScTYRPOw
DA:213,1,UUVBAUSCfWvxVULN1bNLvA
DA:215,1,d/6hyg2cEt5/Q/HAj5Oh6A
DA:221,1,mJBzNHVioW77xwKkbJ7/hQ
DA:225,1,inGX76JBO/aZyGLeDBFSjg
DA:226,1,hKKwxmSCjiaSdRtkhRJOww
DA:227,1,yYopi8L6hAGFoe5iTAd4rQ
DA:229,1,vdBvWjgpjLkSgcMr9hzfLg
DA:230,1,lzWqrI8EtTAuXu+R5si3yg
DA:233,1,inGX76JBO/aZyGLeDBFSjg
DA:234,1,RzcVoBOLVejG/sf1KL2jQw
DA:235,1,yYopi8L6hAGFoe5iTAd4rQ
DA:237,1,DB/zedLsYt2Pao3fSxnn7A
DA:238,1,T2w9TVN+qArT+hEt3zfT9Q
DA:241,1,W4yrklW67ZslyiVYGabyew
DA:242,1,A2db/6ID2tMZhuQptzTVOg
DA:243,1,yYopi8L6hAGFoe5iTAd4rQ
DA:245,1,Q7whsjqBNlIDtiQL4D4kmQ
DA:246,1,T2w9TVN+qArT+hEt3zfT9Q
DA:249,1,E7i8Ds80tR9Tlwn2+dkhnQ
DA:250,1,A2db/6ID2tMZhuQptzTVOg
DA:251,1,yYopi8L6hAGFoe5iTAd4rQ
DA:253,1,vVV0Laz2NgP98xerlZlDtg
DA:254,1,T2w9TVN+qArT+hEt3zfT9Q
DA:257,1,M9LUbcTLY28jw9geciSKww
DA:258,1,hKKwxmSCjiaSdRtkhRJOww
DA:259,1,yYopi8L6hAGFoe5iTAd4rQ
DA:261,1,NCyklwIn18Z7gZScTYRPOw
DA:262,1,T2w9TVN+qArT+hEt3zfT9Q
DA:264,1,d/6hyg2cEt5/Q/HAj5Oh6A
DA:270,1,XfeCtuKDXUMQhKUP2ONSmA
DA:274,1,4AVLGWJMC4r0TupL9LlW3A
DA:275,1,/kHqUt953KTMoL33eMIU+Q
DA:276,1,ynLr+Lt5VezA0T62eI3v/w
DA:278,1,orPHDa9u5GySCokzhaWhJQ
DA:280,1,acMeSotBV6QL/ojn6HNxAw
DA:285,1,Mc7u0HBt3Gu3XbBi+qumtQ
DA:286,1,A2db/6ID2tMZhuQptzTVOg
DA:288,1,a8e6PnxmzBGtG6C32Taz4A
DA:291,1,tP+ncnppcQl79Tb3YQhI1w
DA:294,1,IM+h1+qh4N0aB/lLRPEXLg
DA:295,1,QZ+7FQHTtfQBr8i48Er0dw
DA:300,1,K+oNcMJHKTBmvjvlJCGntg
DA:301,1,arjl17tgDWbiYg67/CiynQ
DA:302,1,acMeSotBV6QL/ojn6HNxAw
DA:305,1,DZ2bWJjg/fLPKLcHSNuJ7w
DA:308,1,PBM2qsWZ1eTd9Vwuz3zbIw
DA:309,1,arjl17tgDWbiYg67/CiynQ
DA:310,1,Ymz0YNMQXEbVO4GQib3pyg
DA:313,1,MKh38X+CAuxMY/9wwAE8hg
DA:314,1,arjl17tgDWbiYg67/CiynQ
DA:315,1,DZ2bWJjg/fLPKLcHSNuJ7w
DA:317,1,1X1u5nwTAMhXd3JRZlyOFQ
DA:319,1,4AVLGWJMC4r0TupL9LlW3A
DA:320,1,/kHqUt953KTMoL33eMIU+Q
DA:321,1,ynLr+Lt5VezA0T62eI3v/w
DA:323,1,2h8cgP3FCwhQXagtCdNVYQ
DA:326,1,TnyUZ1WbKVDFxeT98OwYtw
DA:327,1,RMrPXH3C4CGcGTg85MTXfA
DA:328,1,n8LeWZThr38BZ4/5KbnoLA
DA:330,1,Pel25vej6uGcxm08n1nK0w
DA:333,1,TTTucwKwnGK/TZOnV+I55A
DA:334,1,CYToxbe35NoZWaS8pi9A6w
DA:335,1,05yigAb3Bf1LgZDYF4kgkQ
DA:337,1,Pel25vej6uGcxm08n1nK0w
DA:339,1,NNuOfYn1Pp/Cu+fVmy/Wfg
DA:343,1,q60NnUHHlQuaPD/R6M9GkA
DA:344,1,mp1E+uAkMQLj3uOa5SIRCA
DA:345,1,Uha+h94/ebR46BKGu+w4CQ
DA:346,1,euUcTscewuK+KyovLXVDXA
DA:347,1,UhwAipP3hTwiF1W0DJR+tQ
DA:349,1,6Dz+XWh0Z8wpttXHWbYMUg
DA:351,1,Hqly6kB+rp00nAnVT2uJmA
DA:355,1,MKh38X+CAuxMY/9wwAE8hg
DA:356,1,hKKwxmSCjiaSdRtkhRJOww
DA:357,1,JjYK+D8kNrA2cHhYioSYqw
DA:360,1,9ilLp9EXMa/T+FjqrndLkw
DA:363,1,UrmVYSHrokWC0K7MrpRSEQ
DA:364,1,c8mWANOgzBDClJgp0+lhJA
DA:373,1,KB9LgReD86xJplbj4unzIw
DA:376,1,6ixWsg33auZ8uoZvmdXo8g
DA:377,1,EPQ+kB9CwGqT25yqXDuLVA
DA:379,1,XKQTYh6pkZp0XRqAT/N1tA
DA:383,1,QJD1PikedDKfcSnd4YBaZw
DA:384,1,Pu91S/qduuG0aHathwrppQ
DA:385,1,EPQ+kB9CwGqT25yqXDuLVA
DA:387,1,xtNXhHd0AO9LIs3oysTlhQ
DA:389,1,DVX48YqovkxU5nwLboA51g
DA:393,1,1xJGxyEGgIGmNUFMK20RYQ
DA:394,1,SFr5PPacha5dxTxVLkrYtA
DA:395,1,bfsNR11E3LaKYfBXfw5Lpw
DA:397,1,/fxp6Dourd6JlQ209Hzfjw
DA:398,1,AknJbympIWuHd+s7ixsi0g
DA:400,1,/5dqg54r7IctiERUvbmknA
DA:404,1,tP+UFhgc0p88v9y3FA17uw
DA:405,1,/kUt5ykL93TBuBy8Q//usQ
DA:407,1,KRWYGyCqcJUorscQUBx3PA
DA:411,1,1xJGxyEGgIGmNUFMK20RYQ
DA:413,1,zHQ3gJ/2RSM/zV3sol9MCg
DA:421,1,DTjd4VdpkD4IuUFdELqclw
DA:424,1,fLugnu13bdPGKgezGN/aBg
DA:425,1,c2sKDL20ZihLgepA7wjhhw
DA:431,1,zJJea+u6yErtgI7s3FnzKA
DA:434,1,qKD2v+NHRyDQXFxYHZma0w
DA:435,1,DTjd4VdpkD4IuUFdELqclw
DA:436,1,fLugnu13bdPGKgezGN/aBg
DA:438,1,LBXt67Eu/k3cMaOERWfObw
DA:439,1,d/6hyg2cEt5/Q/HAj5Oh6A
DA:443,1,cJatccCyH6LbKHe4HcfWUQ
DA:447,1,1xJGxyEGgIGmNUFMK20RYQ
DA:449,1,M9RWs0lVV6pGfbavDTqZBQ
DA:456,1,fItony0Bxj54+Y52/OvvCA
DA:458,1,zHQ3gJ/2RSM/zV3sol9MCg
DA:465,1,DTjd4VdpkD4IuUFdELqclw
DA:466,1,PHq+B9AR0UgJWJzOqrNx4g
DA:468,1,4KNG8WvaXl+u9RztQ7WR5Q
DA:469,1,kpUaTRqAS1cC4F3Rdynrnw
DA:470,1,ToDLLt9GqHiII+qH9lhYCA
DA:471,1,Woge9nyK80B9g22Ad3oGHw
DA:472,1,6s2+wOrwjviZHoAZzMuuJg
DA:474,1,f+/cg1qNew8lJPM7WF0ScQ
DA:479,1,1xJGxyEGgIGmNUFMK20RYQ
DA:481,1,zHQ3gJ/2RSM/zV3sol9MCg
DA:487,1,DQ2kN5QCG+alb62jWYLYjA
DA:488,1,abbVQK4WSl191t5UXnST4g
DA:489,1,WJSHR1xlJc245W1jXbFW5A
DA:497,1,acMeSotBV6QL/ojn6HNxAw
DA:507,1,olaWeAKMKLrQuFm63oE8vA
DA:508,1,SFr5PPacha5dxTxVLkrYtA
DA:509,1,QLGr14jsSzZ3HlGS54ANXw
DA:510,1,nvjZZHxZHkreFXeQHJaozg
DA:511,1,hwhsyf7WS8Rh005IrudjmQ
DA:512,1,acMeSotBV6QL/ojn6HNxAw
DA:522,1,lhbsqutrg1ZRruXeQWPozA
DA:532,1,2hY7TXwEw0g9nB5KEnuNzA
DA:533,1,tT0WawpU6JA3VUMqLBYSOQ
DA:534,1,dpMB0VNrxQLgPYbrcQa57A
DA:535,1,4TSJx7aKAkFxO+Ekub//zQ
DA:536,1,jiCDx+yg4s0ZcUXPu/gtdg
DA:537,1,LgbRl/CAkDs1q8bj5nkxMQ
DA:538,1,WJSHR1xlJc245W1jXbFW5A
DA:544,1,Y/T07k2fRUDuNP3o/q6D/g
DA:546,1,8KaqKzXWf1tvkEBO5p+28Q
DA:548,1,F7qgN/ytoxzt4vFiRIGAiA
DA:549,1,v90V4UOtqfqrxMRFRgy5xg
DA:550,1,dyTUY5Ys2e1U5m+W38WvhQ
DA:551,1,C5fYGeAuCZoL2tP2TzcDSg
DA:559,1,NBK/IZLQ9KBLXLywta0qwQ
DA:560,1,fLS9DEONZT81nnVjDNNgGg
DA:561,1,LK6dAEd27Cvej8RCbKQZkQ
DA:562,1,WNfP9nLks8+4rgwbuSwP3g
DA:545,0,pOJwuGdEbe7GLbMcySd1QA
LF:271
LH:270
end_of_record
TN:
SF:tests\test_NonLinear.py
DA:1,1,kxO6nrMVl0HsGlo+vhtZbQ
DA:2,1,waCM4evg0/81QqvDU806AA
DA:3,1,IWWjrCeOtk8NNtrE95++2g
DA:4,1,3ijn/dNPscvvyHsHyPyRcA
DA:7,1,+RDOdMfzs8b/FWoZIPyp+Q
DA:8,1,CHWV0deRAr3+oaqs+0OFmw
DA:12,1,x8h+gpn3+Tc2hzh4REZqfw
DA:13,1,d8M5gAADdVYdyDKRUc/jGA
DA:14,1,bsS7IyrMZdwGeOCy5HQsQA
DA:15,1,4nDe5UpjfwKaeA4+m6h/9w
DA:16,1,VYGgqM21OwHvvvS5FoGslg
DA:18,1,g2jqgNYal2yy6GsacTUu/A
DA:22,1,x8h+gpn3+Tc2hzh4REZqfw
DA:23,1,i9q5Jvn6vXI1gwXqLkaSkg
DA:24,1,VBBoe1+36iyCODrKq2/Tig
DA:25,1,4nDe5UpjfwKaeA4+m6h/9w
DA:26,1,VYGgqM21OwHvvvS5FoGslg
DA:28,1,g6sQ7f4VTxr+V2BrLBhyOg
DA:32,1,x8h+gpn3+Tc2hzh4REZqfw
DA:33,1,Z1nTGzx7PCiBT05+fQvOow
DA:34,1,ByYow2vREiKpqL7QIUteIA
DA:35,1,yaN2QsQwYnA3FknkADKWbg
DA:36,1,4nDe5UpjfwKaeA4+m6h/9w
DA:37,1,VYGgqM21OwHvvvS5FoGslg
DA:39,1,BFVPN9zQ09drBfbc58i3EA
DA:43,1,x8h+gpn3+Tc2hzh4REZqfw
DA:44,1,Es06ZOcJbj/aHpksxapLfg
DA:45,1,xGcR8//AWyrX3JbLbX7ONg
DA:46,1,8RbSOGyYcWuk9WlXuh+Vww
DA:47,1,yxeXJ09QfA1MUkcJsEHn8Q
DA:48,1,Ku2OIyWaNNWfqSsuOCIonQ
DA:49,1,AB0LZvOUsq+6F5Skq9Ot2g
DA:50,1,4nDe5UpjfwKaeA4+m6h/9w
DA:51,1,VYGgqM21OwHvvvS5FoGslg
DA:52,1,1+R08cGHNeFm0U/5OYNG1A
DA:53,1,COS+HlrhsXVkPp9V/sZpNQ
DA:55,1,iMNkzV8aRLmBdX5I8JWBRw
DA:59,1,x8h+gpn3+Tc2hzh4REZqfw
DA:60,1,uOb9te3di5SIY7vNWqB+3Q
DA:61,1,2MKdtnfogRhtiAYZSX/jHQ
DA:62,1,4nDe5UpjfwKaeA4+m6h/9w
DA:63,1,VYGgqM21OwHvvvS5FoGslg
DA:65,1,aVXvGri85RoboRbuumusXQ
DA:70,1,x8h+gpn3+Tc2hzh4REZqfw
DA:71,1,wXu4v+CnefEMpkFn/uLCzA
DA:72,1,M5BDjzFFs/XhZLDqINYRMQ
DA:73,1,NGhOaJKYhwjnifqObmk+Iw
DA:74,1,BhzeiPA/geRD1yWfFSpyNw
DA:76,1,OjsFsnX5wRw38o/a+Vv4wg
DA:81,1,x8h+gpn3+Tc2hzh4REZqfw
DA:82,1,yp4lZtKz80Xm0eQLIXJsFg
DA:83,1,Zh/0vvMkfqsGLn4CCXDFAQ
DA:85,1,vYooDl2GYBXjVhLCn3db5g
DA:89,1,x8h+gpn3+Tc2hzh4REZqfw
DA:90,1,4/KWU7ND1BDht1+ogzfdnw
DA:91,1,KIQUT/VQ+kTddqG3FQWIEg
DA:93,1,ldNt557n2rQr+t3Sz4RUNQ
DA:97,1,x8h+gpn3+Tc2hzh4REZqfw
DA:98,1,Z1nTGzx7PCiBT05+fQvOow
DA:99,1,gEWZBXqLCfxcYvV0dxWrQw
DA:100,1,13sqEJ/5cMOWCEsa734tKA
DA:102,1,5nbD16eJNFVPu+dWYSto/A
DA:106,1,2bnMxs34ecj3mjPDJHhoKA
DA:107,1,mZ8jKjhGFC3MmAZ/vEPNYg
DA:108,1,gEjKgFJbCyMU0Qa4JNAx1Q
DA:109,1,6AdxU/Bn7q+leGPBiUF30w
DA:111,1,aVDpFpPXfM+NpmvbytXwmA
DA:115,1,VfiE8heJx7XVZTbeqymr0A
DA:118,1,Sho3j4GX44XRlFZLw35bMA
DA:123,1,V52IhfgnAh/OCl0Uqbw8zA
DA:130,1,R5jL+NZ10adJmtOSrrOqHg
DA:131,1,iBQY1OhyV9Y1QCUlGUL5gQ
DA:133,1,F1TjCedOig6rMsDVVcZjNw
DA:134,1,BA+a6Z+Lox3UoLDDrQnChw
DA:137,1,hsb+Mo5Cj1EtbwAb7ydseg
DA:138,1,XKQTYh6pkZp0XRqAT/N1tA
DA:143,1,jb+3qCWjGY6OoatHwQrDKA
DA:144,1,b5D61qh+cF+h1LIt3YsK0A
DA:146,1,mh7G5yXwkWkv7ykZm04tdQ
DA:147,1,MOj9pMcIJENjr/FGoNMbAg
DA:149,1,8QWLZJriDSYFa3TDLuLAzQ
DA:151,1,8Atm7rcEdrgbiNnkvp2K2A
DA:152,1,QFNLSpky+ezNKaZlF6sjlw
DA:153,1,JmpNcsIfpEVObYqJSX+vpQ
DA:155,1,IanBNl6DW2u1N5ErQjyEVQ
DA:159,1,x8h+gpn3+Tc2hzh4REZqfw
DA:160,1,xHMnbWTZzMonoA+AT0mElw
DA:161,1,h/z+5fqbANa10nlvZZks6Q
DA:162,1,gv97EHPww3YgyVJaK4IPdg
DA:165,1,xjQSFaye02a0M3XEyMymEw
DA:166,1,djdQz86djupJPv5MvezWag
DA:168,1,t6+M3nxd07ZT/0R6BUl13w
DA:169,1,uElIjOTwSNSHiPLmLE8USQ
DA:170,1,w/72q7hEBh07+5nqzO+98w
DA:171,1,6ZpKvJi3RQtH679/qPdJHg
DA:172,1,hamgzQSLlYsLCts3NrZ0Fg
DA:173,1,1gOLtG2Wqy2FpP3mZhCfHw
DA:174,1,XFAu7gJmVeyl4xE9vDhzmA
DA:175,1,ZuO7uAvxj2IzDxdbu9Yzjw
DA:176,1,a/pgjejxc4RtYwZ9qUkfag
DA:177,1,7svz7wZMgJrVSZegNSlRUg
DA:178,1,KMBj5QN+eVD37jgBymlGWQ
DA:179,1,gQMeCAV8JQBt8LaRrW1d6w
DA:180,1,8TuB88abFQ4qprpdtqfQGA
DA:182,1,+oc7hG2UoGOQueT3P48Tvw
DA:187,1,tx8Nd0xIsfkuFldCudxg+g
DA:188,1,6qh9nvVAD04LUQM3e5YsYw
DA:190,1,V1VwtQSW11yVKHihAs4LAg
DA:194,1,x8h+gpn3+Tc2hzh4REZqfw
DA:195,1,xHMnbWTZzMonoA+AT0mElw
DA:196,1,h/z+5fqbANa10nlvZZks6Q
DA:197,1,KQMCmsJewMV6CyFP9pfaPA
DA:198,1,xjQSFaye02a0M3XEyMymEw
DA:199,1,djdQz86djupJPv5MvezWag
DA:202,1,uElIjOTwSNSHiPLmLE8USQ
DA:203,1,w/72q7hEBh07+5nqzO+98w
DA:204,1,gYn2mx8ls5Kh/p7Zo+YHhw
DA:205,1,6ZpKvJi3RQtH679/qPdJHg
DA:206,1,1gOLtG2Wqy2FpP3mZhCfHw
DA:207,1,XFAu7gJmVeyl4xE9vDhzmA
DA:208,1,a/pgjejxc4RtYwZ9qUkfag
DA:209,1,7svz7wZMgJrVSZegNSlRUg
DA:210,1,gQMeCAV8JQBt8LaRrW1d6w
DA:213,1,iw0llizeIWmi2H2SHZT+Dw
DA:214,1,+DvsZu8TDrzbv39eXvWbtQ
DA:215,1,SeWwA5rhKQVTipsi0UIChg
DA:216,1,it0dWqll1+x7i7Zrgz12zw
DA:217,1,r42pcwzkcQIQ6yucqT/iqQ
DA:219,1,f+/cg1qNew8lJPM7WF0ScQ
DA:223,1,x8h+gpn3+Tc2hzh4REZqfw
DA:224,1,xHMnbWTZzMonoA+AT0mElw
DA:225,1,h/z+5fqbANa10nlvZZks6Q
DA:226,1,KQMCmsJewMV6CyFP9pfaPA
DA:227,1,xjQSFaye02a0M3XEyMymEw
DA:228,1,djdQz86djupJPv5MvezWag
DA:231,1,uElIjOTwSNSHiPLmLE8USQ
DA:232,1,w/72q7hEBh07+5nqzO+98w
DA:233,1,gYn2mx8ls5Kh/p7Zo+YHhw
DA:234,1,6ZpKvJi3RQtH679/qPdJHg
DA:235,1,1gOLtG2Wqy2FpP3mZhCfHw
DA:236,1,XFAu7gJmVeyl4xE9vDhzmA
DA:237,1,a/pgjejxc4RtYwZ9qUkfag
DA:238,1,7svz7wZMgJrVSZegNSlRUg
DA:239,1,gQMeCAV8JQBt8LaRrW1d6w
DA:242,1,+FV8G0hyTdifIQz6RrRYhQ
DA:243,1,enavkB874JLdFwMk8Pqd0A
DA:244,1,EkEkbX0dKyEmwrAL8yYDDg
DA:246,1,4Ytdq2dTVus0n8Yb5caWrw
DA:247,1,nQ2BYQQBbtSQ1yNpYoPgyA
DA:248,1,7ix1GgqCz177MXh+J9GEDw
DA:250,1,BrY18HWvFb2HYCu5fxZzCA
DA:251,1,YMVw0jPXZywHs6MbZXuyKg
DA:253,1,UGbv8/JJ68eZymrAj1B00A
DA:257,1,x8h+gpn3+Tc2hzh4REZqfw
DA:258,1,xHMnbWTZzMonoA+AT0mElw
DA:259,1,h/z+5fqbANa10nlvZZks6Q
DA:260,1,KQMCmsJewMV6CyFP9pfaPA
DA:261,1,xjQSFaye02a0M3XEyMymEw
DA:262,1,djdQz86djupJPv5MvezWag
DA:264,1,o8SJhOziqUXXCar0MYVQug
DA:266,1,EhI85irn2OFuUZzglJHxWw
DA:267,1,AV+teyWWOaRAiLsVni0oTw
DA:269,1,Vz2Vj0mVfzIbnY75Y8iE5A
DA:270,1,h6wp+J+nZYVUVlo/JEentg
DA:272,1,kX5I+JLeEiq/eain4g6mdg
DA:273,1,AV+teyWWOaRAiLsVni0oTw
DA:275,1,acMeSotBV6QL/ojn6HNxAw
DA:279,1,uElIjOTwSNSHiPLmLE8USQ
DA:280,1,w/72q7hEBh07+5nqzO+98w
DA:281,1,gYn2mx8ls5Kh/p7Zo+YHhw
DA:282,1,6ZpKvJi3RQtH679/qPdJHg
DA:283,1,1gOLtG2Wqy2FpP3mZhCfHw
DA:284,1,XFAu7gJmVeyl4xE9vDhzmA
DA:285,1,a/pgjejxc4RtYwZ9qUkfag
DA:286,1,7svz7wZMgJrVSZegNSlRUg
DA:287,1,iOhNsAk/RwR6TYmfFN1OEA
DA:288,1,SFeDPPtfYj7gaGrdMBhjGw
DA:289,1,FhGqdxNXe+62s0LFZeKRNQ
DA:290,1,pOJwuGdEbe7GLbMcySd1QA
DA:292,1,zYD426p4UhRuL3ToEi8XpQ
DA:296,1,x8h+gpn3+Tc2hzh4REZqfw
DA:297,1,dunYMuRuyVDL2dT7APj5bQ
DA:298,1,h/z+5fqbANa10nlvZZks6Q
DA:299,1,S3WMmJmqz2xj3IyxV9Faqw
DA:300,1,2ClLU4F+wX2KBKMJuHppnA
DA:302,1,c3S6dnRHE/O/A7p+ZGPE7w
DA:306,1,x8h+gpn3+Tc2hzh4REZqfw
DA:307,1,dINnIZ26IBA+G1RBPf6MVw
DA:308,1,h/z+5fqbANa10nlvZZks6Q
DA:309,1,KQMCmsJewMV6CyFP9pfaPA
DA:310,1,xjQSFaye02a0M3XEyMymEw
DA:311,1,djdQz86djupJPv5MvezWag
DA:313,1,ArMDhh9nc8OfUHtC16eXSw
DA:314,1,mtieqRxqJhazp8u92udqAQ
DA:315,1,Xhjn/UiOBKeVzkCQJeJaYw
DA:317,1,elZyatvycYJVwUG2FSVVSw
DA:319,1,JlJsRYVn8PnRNisoTiW8aw
DA:323,1,x8h+gpn3+Tc2hzh4REZqfw
DA:324,1,xHMnbWTZzMonoA+AT0mElw
DA:325,1,h/z+5fqbANa10nlvZZks6Q
DA:326,1,KQMCmsJewMV6CyFP9pfaPA
DA:327,1,xjQSFaye02a0M3XEyMymEw
DA:328,1,djdQz86djupJPv5MvezWag
DA:331,1,+FV8G0hyTdifIQz6RrRYhQ
DA:332,1,enavkB874JLdFwMk8Pqd0A
DA:333,1,EkEkbX0dKyEmwrAL8yYDDg
DA:335,1,ub2i+BIHqs/wPK+aI8O6yA
DA:339,1,x8h+gpn3+Tc2hzh4REZqfw
DA:340,1,dunYMuRuyVDL2dT7APj5bQ
DA:341,1,h/z+5fqbANa10nlvZZks6Q
DA:342,1,S3WMmJmqz2xj3IyxV9Faqw
DA:343,1,2ClLU4F+wX2KBKMJuHppnA
DA:183,0,E5ZoTGO2jv1QJA14XCdBIA
LF:213
LH:212
end_of_record
TN:
SF:tests\test_Random.py
DA:1,1,OdN0jTChdJUsDUXuqlg/Ag
DA:2,1,3ijn/dNPscvvyHsHyPyRcA
DA:3,1,IWWjrCeOtk8NNtrE95++2g
DA:4,1,kX/WPzlE+EOC+5YjpQETGw
DA:7,1,FaHerZcLeLRuawHtubko5A
DA:8,1,ry+OHD63DSRc1TE/nIlFUQ
DA:10,1,cWD5caVXKV8xbs7NrR039Q
DA:11,1,wd2o/1trYNrtlattQlUUiQ
DA:13,1,0YgUuAZCx10U/wbFwmsLmQ
DA:14,1,S7PmaJ1YkJcicv3E/E6emQ
DA:15,1,CbU98XaMVeB9FD0Y5svZWw
DA:16,1,6jU8elZSFwheI7yNJ5XEoQ
DA:18,1,VXuFEPoMUimEyUkKKkQ5mg
DA:20,1,wd2o/1trYNrtlattQlUUiQ
DA:21,1,4PfALkjYxFxAyDcMbtec6g
DA:22,1,ClGZ/QV1sP+tsTJ+Uk7/yg
DA:23,1,o1ae/qP+De6kozBbu9xCiA
DA:24,1,VsWGRjJ4vAJOaOofpZMJgg
DA:25,1,ZzlTqZcVfhNPKLFuwjd/xw
DA:26,1,wd2o/1trYNrtlattQlUUiQ
DA:28,1,yn3/X74S59yXF3yBvlkIEw
DA:30,1,wd2o/1trYNrtlattQlUUiQ
DA:31,1,r5IBd51O0KYHL31Mzv1LLA
DA:32,1,u9sOq8XSsGDM0oEx0VW6jg
DA:33,1,TBMArzBROMnbMcPLM02PZw
DA:34,1,mEUSuFqoSvueR/CwbbN2Ug
DA:35,1,wd2o/1trYNrtlattQlUUiQ
DA:37,1,JYS7dBuagVvP/w1VN/Q3KQ
DA:39,1,wd2o/1trYNrtlattQlUUiQ
DA:40,1,pcRuh8nBiV+dkOGLSYzWiQ
DA:41,1,ClGZ/QV1sP+tsTJ+Uk7/yg
DA:42,1,o1ae/qP+De6kozBbu9xCiA
DA:43,1,VsWGRjJ4vAJOaOofpZMJgg
DA:44,1,wd2o/1trYNrtlattQlUUiQ
DA:46,1,J4ePTV5xiLugwCJDQJRdTQ
DA:47,1,M+rSqsNpLctdvivpBBOwmQ
DA:48,1,mkAjby/JyWpD0ic8Ai5nxw
DA:49,1,AU4fJh2+Vhknxbon9ONpbQ
DA:50,1,lQd8CAINnHNIZSqPFJREeg
DA:51,1,EEvHiMKbLyaKuXOuBnXreA
DA:52,1,Gsv1wO7nWj1usT/OJ3wMNQ
DA:55,1,6aAx9NYUJOIq+X/kEyhHqA
DA:56,1,NffPbm21A8bdWZTqdq7iHg
DA:58,1,o9ifQuUFQdLtEyvO8cZ02w
DA:59,1,0KiPlrkCCdCs8Zzn6mGd9w
DA:61,1,cHAVQDxEMYaQeBXHqNOf6Q
DA:62,1,P5CMvUshHn7/OktQC6s5Pg
DA:63,1,EKGnkebRQcMWjIVhkOsYHg
DA:64,1,+dn6Q9A9tXj/Cm6WOh4igA
DA:65,1,gjjogih6/E7uCF68j7Vgew
DA:67,1,kkRfa7ZTX+4Cwmm1+YR4Gw
DA:69,1,0KiPlrkCCdCs8Zzn6mGd9w
DA:70,1,FVkZG8i3DtYyDwr7TSkcZA
DA:71,1,lWcaYtjioCaaaAHJf7MldA
DA:72,1,tKejmysqGx9HUJy7K4IVhQ
DA:73,1,zYhLAv0qBxW9OsY9zsk60g
DA:74,1,B4/jeYjf4kZTbOoI0doB2Q
DA:75,1,DvYwInjDtOSelIwE2bBxTA
DA:77,1,0KiPlrkCCdCs8Zzn6mGd9w
DA:79,1,tP+UFhgc0p88v9y3FA17uw
DA:80,1,ZlmKyaRy+JnB/PKJ/TjuoA
DA:81,1,tP+UFhgc0p88v9y3FA17uw
DA:82,1,TKki1mmV9fiAF7KegS1bXw
DA:83,1,tP+UFhgc0p88v9y3FA17uw
DA:84,1,LNEP54Nbi/4DHVhDoEGQow
DA:87,1,tP+UFhgc0p88v9y3FA17uw
DA:88,1,4Cj58zBv3goWp+pEM3pdOg
DA:89,1,tP+UFhgc0p88v9y3FA17uw
DA:90,1,redvLp6/HimV95orsAyN0Q
DA:93,1,tP+UFhgc0p88v9y3FA17uw
DA:94,1,1Dg2eaF/46M0Skd4TJmREQ
DA:97,1,tP+UFhgc0p88v9y3FA17uw
DA:98,1,4WAxhRyqJjtSPHBUVnuKvg
DA:101,1,tP+UFhgc0p88v9y3FA17uw
DA:102,1,LX9Apc/uH5Uh23wPioRa9g
DA:105,1,tP+UFhgc0p88v9y3FA17uw
DA:106,1,RC1rhuTzP8anPjzHA5toKA
DA:107,1,tP+UFhgc0p88v9y3FA17uw
DA:108,1,redvLp6/HimV95orsAyN0Q
DA:110,1,59aitu9gK75NZevz1RfnFw
DA:112,1,0KiPlrkCCdCs8Zzn6mGd9w
DA:113,1,w5RXZlMlomnLGi6cILItrg
DA:114,1,zv2eJcfyxweXDHmuQwfD3w
DA:115,1,eAIN9ELsEL5oMKXQ+lYeXw
DA:116,1,fao45V2z1cuHcP1qudcS0g
DA:117,1,B4/jeYjf4kZTbOoI0doB2Q
DA:118,1,0KiPlrkCCdCs8Zzn6mGd9w
DA:120,1,XyY7KzQMvEv/V9Wz7N9xqg
DA:122,1,0KiPlrkCCdCs8Zzn6mGd9w
DA:123,1,SYQGYEnaXXamKc15n5t9lg
DA:124,1,lWcaYtjioCaaaAHJf7MldA
DA:125,1,tKejmysqGx9HUJy7K4IVhQ
DA:126,1,zYhLAv0qBxW9OsY9zsk60g
DA:127,1,B4/jeYjf4kZTbOoI0doB2Q
DA:128,1,Mha6HkPYlx1MHuANRiIxMg
DA:129,1,0KiPlrkCCdCs8Zzn6mGd9w
DA:131,1,WrZFwKWe8JWLYDV9qffVoA
DA:132,1,QL/lWrWIHWXBusWQHnUxQA
DA:148,1,mNuOy/seKfVupUEB5p1qaQ
DA:149,1,0KiPlrkCCdCs8Zzn6mGd9w
DA:150,1,/SdfyfOnrqXVjnG73+e3bA
DA:151,1,nbBq3CjmJwmdIzq5+y9bZQ
DA:156,1,eavBQ8yFEwj88ivM0YyNsw
DA:158,1,6Z18hdV01q1l5+u6m6T0PQ
DA:159,1,zNPGzlOiY8b3Y1TCo5nPuw
DA:161,1,9J6yhbJM8WmRh7YqxzpCAg
DA:172,1,PMtjq+lkv+R9PYec7sDM+w
DA:174,1,zNPGzlOiY8b3Y1TCo5nPuw
DA:176,1,14vqQ58k7DAtlNPAkwDYkA
DA:177,1,WNn2WpLda7KcnjaIWJYGew
DA:178,1,VZRHLtqam2gS+Vd8n28oqA
DA:179,1,Yoj30gcWoaMAaX7DFq9O3g
DA:180,1,BBin5WczPruOPejW7az1cg
DA:181,1,KSUqgtc4YhPxucdTn7y/aQ
DA:182,1,ykK+zm/6KdHjivmJko/e3Q
DA:183,1,eiftl4dWut/oAPKiOgbYzw
DA:184,1,EoD7SGDkbyOxOCfemFzE+w
DA:185,1,UR3xoDryu3ziyGxxCgfT+A
DA:187,1,25dypOljtpekFph5a0qkxw
DA:188,1,zNPGzlOiY8b3Y1TCo5nPuw
DA:190,1,3sVIas+4byDNrlID23MZUQ
DA:191,1,WNn2WpLda7KcnjaIWJYGew
DA:192,1,VZRHLtqam2gS+Vd8n28oqA
DA:193,1,Yoj30gcWoaMAaX7DFq9O3g
DA:194,1,BBin5WczPruOPejW7az1cg
DA:195,1,KSUqgtc4YhPxucdTn7y/aQ
DA:196,1,ykK+zm/6KdHjivmJko/e3Q
DA:197,1,eiftl4dWut/oAPKiOgbYzw
DA:198,1,HMISvmr93OQS6qgERf5Gag
DA:201,1,d/6hyg2cEt5/Q/HAj5Oh6A
DA:205,1,zNPGzlOiY8b3Y1TCo5nPuw
DA:207,1,tP+UFhgc0p88v9y3FA17uw
DA:208,1,FRZKUzaC7BrrSTmzjZt51w
DA:210,1,yKZ0D/ZDsTiCpuY1r7bh+Q
DA:211,1,TdgbetnRrDr4/CaUnLkwUw
DA:218,1,zNPGzlOiY8b3Y1TCo5nPuw
DA:220,1,2xMzu2Npy709klWriHM/Nw
DA:224,1,shULALRIDdmSpQeynS/pMQ
DA:227,1,Q4TIgTgayUxD1bPldqlLHA
DA:232,1,cQbXT+x035zXwImFnlJ/xw
DA:234,1,HI6B0Ejq4Y8lsX/o/M9ymQ
DA:236,1,ZeuPeReINeCgnAPd/d3qNw
DA:239,1,8QlJiNsHxkadDawp8dK8lA
DA:240,1,zO7w66RfaeVKv/i61yOMUg
DA:243,1,T/h59RUvHIyABxLZDUJ0qQ
DA:245,1,MNQS885QYpatxxXTihAVVQ
DA:246,1,75qibjbLKxIhsLFcwV6GDA
DA:248,1,HO7PKCyKwFQ5rhxlnjr49A
DA:249,1,PIcKqAvr+pFdYJyGr+SE6Q
DA:250,1,5PxaLARmwV2/bdNEvM1VMg
DA:252,1,gonTlzgdHoiPE7WNczX/Xw
DA:255,1,C+PSP6RNionBNbF6vNiROA
DA:257,1,MNQS885QYpatxxXTihAVVQ
DA:258,1,75qibjbLKxIhsLFcwV6GDA
DA:260,1,HO7PKCyKwFQ5rhxlnjr49A
DA:261,1,PIcKqAvr+pFdYJyGr+SE6Q
DA:262,1,5PxaLARmwV2/bdNEvM1VMg
DA:264,1,fn41nPjrg/PqK7HwhfxU8g
DA:267,1,T/h59RUvHIyABxLZDUJ0qQ
DA:268,1,A9EiWYIrtlzgEJbN4daZYw
DA:270,1,Ix4Kdkm/gGavR0/Nhnfl0A
DA:273,1,T/h59RUvHIyABxLZDUJ0qQ
DA:274,1,A9EiWYIrtlzgEJbN4daZYw
DA:275,1,+c5OM2wOj0U77XT86MrXJQ
DA:277,1,59ac7P8MmdT04k7JFihs0w
DA:279,1,2UNSWsgj5HxOF1Np8Ni1ug
DA:282,1,T/h59RUvHIyABxLZDUJ0qQ
DA:283,1,A9EiWYIrtlzgEJbN4daZYw
DA:285,1,fG2OzbPM7nNTOYRj1fwDFQ
DA:286,1,d/6hyg2cEt5/Q/HAj5Oh6A
DA:290,1,R7aLXXy2zEJBHv7WXg3KUQ
DA:291,1,d/6hyg2cEt5/Q/HAj5Oh6A
LF:172
LH:172
end_of_record
TN:
SF:tests\test_module.py
DA:1,1,3ijn/dNPscvvyHsHyPyRcA
DA:2,1,Utqtlapw0PKtupU1uwJmsA
DA:3,1,iddsXUcyMLiintJUUpFKjw
DA:4,1,IWWjrCeOtk8NNtrE95++2g
DA:7,1,kck/VuIOV+uSsO6Pr+w+Kw
DA:8,1,JZoZ675D4Zl5DMYy6Pi1XA
DA:9,1,JspqiIAaPgM7LCvmIoFczw
DA:10,1,28fnO6xwg2jm5jQ02up7Gg
DA:12,1,RomJ5Wr9dBDbwLOMg3/1Bg
DA:14,1,1pw5RwFUeiw3t/iHB+Fotw
DA:15,1,IKgQDXxtu8SaLqSwibMabA
DA:16,1,o21T5GT2U8oKpzUvQz/lEw
DA:17,1,bl0ofrWqrqi+aE0i4PF84g
DA:18,1,mSiAovd+W2lrBT5QLrwOdw
DA:19,1,csKdLLhW+nCZfu6sUwfNFA
DA:21,1,TAW2BQWsosR0jSZtYX74Gg
DA:23,1,ku8bJ+JvdCoPhwlgZ4la/Q
DA:24,1,JspqiIAaPgM7LCvmIoFczw
DA:26,1,juTpi7JMH5QLMSLgzo1Hvg
DA:27,1,GVuWOZcWLvXX+NzrBVr3AQ
DA:29,1,+h+2HhlN5URq2Q1CBl069w
LF:21
LH:21
end_of_record
